{"D:\\desarrollos\\ABDSuite\\ABDSatelliteSDK\\src\\client.ts": {"path":"D:\\desarrollos\\ABDSuite\\ABDSatelliteSDK\\src\\client.ts","all":true,"statementMap":{"0":{"start":{"line":1,"column":0},"end":{"line":1,"column":13}},"1":{"start":{"line":2,"column":0},"end":{"line":2,"column":0}},"2":{"start":{"line":3,"column":0},"end":{"line":3,"column":66}}},"s":{"0":0,"1":0,"2":0},"branchMap":{"0":{"type":"branch","line":1,"loc":{"start":{"line":1,"column":81},"end":{"line":3,"column":66}},"locations":[{"start":{"line":1,"column":81},"end":{"line":3,"column":66}}]}},"b":{"0":[0]},"fnMap":{"0":{"name":"(empty-report)","decl":{"start":{"line":1,"column":81},"end":{"line":3,"column":66}},"loc":{"start":{"line":1,"column":81},"end":{"line":3,"column":66}},"line":1}},"f":{"0":0}}
,"D:\\desarrollos\\ABDSuite\\ABDSatelliteSDK\\src\\index.ts": {"path":"D:\\desarrollos\\ABDSuite\\ABDSatelliteSDK\\src\\index.ts","all":true,"statementMap":{"0":{"start":{"line":1,"column":0},"end":{"line":1,"column":8}},"1":{"start":{"line":2,"column":0},"end":{"line":2,"column":24}},"2":{"start":{"line":3,"column":0},"end":{"line":3,"column":0}},"3":{"start":{"line":4,"column":0},"end":{"line":4,"column":38}},"4":{"start":{"line":5,"column":0},"end":{"line":5,"column":45}},"5":{"start":{"line":6,"column":0},"end":{"line":6,"column":55}},"6":{"start":{"line":7,"column":0},"end":{"line":7,"column":0}},"7":{"start":{"line":8,"column":0},"end":{"line":8,"column":14}},"8":{"start":{"line":9,"column":0},"end":{"line":9,"column":45}},"9":{"start":{"line":10,"column":0},"end":{"line":10,"column":0}},"10":{"start":{"line":11,"column":0},"end":{"line":11,"column":30}},"11":{"start":{"line":12,"column":0},"end":{"line":12,"column":127}},"12":{"start":{"line":13,"column":0},"end":{"line":13,"column":0}},"13":{"start":{"line":14,"column":0},"end":{"line":14,"column":10}},"14":{"start":{"line":15,"column":0},"end":{"line":15,"column":35}},"15":{"start":{"line":16,"column":0},"end":{"line":16,"column":0}},"16":{"start":{"line":17,"column":0},"end":{"line":17,"column":24}},"17":{"start":{"line":18,"column":0},"end":{"line":18,"column":57}},"18":{"start":{"line":19,"column":0},"end":{"line":19,"column":0}},"19":{"start":{"line":20,"column":0},"end":{"line":20,"column":22}},"20":{"start":{"line":21,"column":0},"end":{"line":21,"column":56}},"21":{"start":{"line":22,"column":0},"end":{"line":22,"column":0}},"22":{"start":{"line":23,"column":0},"end":{"line":23,"column":9}},"23":{"start":{"line":24,"column":0},"end":{"line":24,"column":68}},"24":{"start":{"line":25,"column":0},"end":{"line":25,"column":87}}},"s":{"0":0,"1":0,"2":0,"3":0,"4":0,"5":0,"6":0,"7":0,"8":0,"9":0,"10":0,"11":0,"12":0,"13":0,"14":0,"15":0,"16":0,"17":0,"18":0,"19":0,"20":0,"21":0,"22":0,"23":0,"24":0},"branchMap":{"0":{"type":"branch","line":1,"loc":{"start":{"line":1,"column":778},"end":{"line":25,"column":87}},"locations":[{"start":{"line":1,"column":778},"end":{"line":25,"column":87}}]}},"b":{"0":[0]},"fnMap":{"0":{"name":"(empty-report)","decl":{"start":{"line":1,"column":778},"end":{"line":25,"column":87}},"loc":{"start":{"line":1,"column":778},"end":{"line":25,"column":87}},"line":1}},"f":{"0":0}}
,"D:\\desarrollos\\ABDSuite\\ABDSatelliteSDK\\src\\proxy.ts": {"path":"D:\\desarrollos\\ABDSuite\\ABDSatelliteSDK\\src\\proxy.ts","all":false,"statementMap":{"0":{"start":{"line":1,"column":0},"end":{"line":1,"column":56}},"1":{"start":{"line":2,"column":0},"end":{"line":2,"column":45}},"2":{"start":{"line":3,"column":0},"end":{"line":3,"column":55}},"3":{"start":{"line":4,"column":0},"end":{"line":4,"column":87}},"4":{"start":{"line":5,"column":0},"end":{"line":5,"column":75}},"5":{"start":{"line":6,"column":0},"end":{"line":6,"column":0}},"6":{"start":{"line":7,"column":0},"end":{"line":7,"column":3}},"7":{"start":{"line":8,"column":0},"end":{"line":8,"column":59}},"8":{"start":{"line":9,"column":0},"end":{"line":9,"column":3}},"9":{"start":{"line":10,"column":0},"end":{"line":10,"column":98}},"10":{"start":{"line":11,"column":0},"end":{"line":11,"column":7}},"11":{"start":{"line":12,"column":0},"end":{"line":12,"column":77}},"12":{"start":{"line":13,"column":0},"end":{"line":13,"column":34}},"13":{"start":{"line":14,"column":0},"end":{"line":14,"column":30}},"14":{"start":{"line":15,"column":0},"end":{"line":15,"column":31}},"15":{"start":{"line":16,"column":0},"end":{"line":16,"column":0}},"16":{"start":{"line":17,"column":0},"end":{"line":17,"column":17}},"17":{"start":{"line":18,"column":0},"end":{"line":18,"column":36}},"18":{"start":{"line":19,"column":0},"end":{"line":19,"column":56}},"19":{"start":{"line":20,"column":0},"end":{"line":20,"column":5}},"20":{"start":{"line":21,"column":0},"end":{"line":21,"column":17}},"21":{"start":{"line":22,"column":0},"end":{"line":22,"column":48}},"22":{"start":{"line":23,"column":0},"end":{"line":23,"column":80}},"23":{"start":{"line":24,"column":0},"end":{"line":24,"column":5}},"24":{"start":{"line":25,"column":0},"end":{"line":25,"column":3}},"25":{"start":{"line":26,"column":0},"end":{"line":26,"column":14}},"26":{"start":{"line":27,"column":0},"end":{"line":27,"column":1}},"27":{"start":{"line":28,"column":0},"end":{"line":28,"column":0}},"28":{"start":{"line":29,"column":0},"end":{"line":29,"column":35}},"29":{"start":{"line":30,"column":0},"end":{"line":30,"column":46}},"30":{"start":{"line":31,"column":0},"end":{"line":31,"column":21}},"31":{"start":{"line":32,"column":0},"end":{"line":32,"column":3}},"32":{"start":{"line":33,"column":0},"end":{"line":33,"column":2}},"33":{"start":{"line":34,"column":0},"end":{"line":34,"column":0}},"34":{"start":{"line":35,"column":0},"end":{"line":35,"column":3}},"35":{"start":{"line":36,"column":0},"end":{"line":36,"column":35}},"36":{"start":{"line":37,"column":0},"end":{"line":37,"column":3}},"37":{"start":{"line":38,"column":0},"end":{"line":38,"column":35}},"38":{"start":{"line":39,"column":0},"end":{"line":39,"column":16}},"39":{"start":{"line":40,"column":0},"end":{"line":40,"column":20}},"40":{"start":{"line":41,"column":0},"end":{"line":41,"column":19}},"41":{"start":{"line":42,"column":0},"end":{"line":42,"column":21}},"42":{"start":{"line":43,"column":0},"end":{"line":43,"column":22}},"43":{"start":{"line":44,"column":0},"end":{"line":44,"column":22}},"44":{"start":{"line":45,"column":0},"end":{"line":45,"column":21}},"45":{"start":{"line":46,"column":0},"end":{"line":46,"column":7}},"46":{"start":{"line":47,"column":0},"end":{"line":47,"column":84}},"47":{"start":{"line":48,"column":0},"end":{"line":48,"column":47}},"48":{"start":{"line":49,"column":0},"end":{"line":49,"column":20}},"49":{"start":{"line":50,"column":0},"end":{"line":50,"column":57}},"50":{"start":{"line":51,"column":0},"end":{"line":51,"column":5}},"51":{"start":{"line":52,"column":0},"end":{"line":52,"column":0}},"52":{"start":{"line":53,"column":0},"end":{"line":53,"column":56}},"53":{"start":{"line":54,"column":0},"end":{"line":54,"column":20}},"54":{"start":{"line":55,"column":0},"end":{"line":55,"column":16}},"55":{"start":{"line":56,"column":0},"end":{"line":56,"column":50}},"56":{"start":{"line":57,"column":0},"end":{"line":57,"column":42}},"57":{"start":{"line":58,"column":0},"end":{"line":58,"column":8}},"58":{"start":{"line":59,"column":0},"end":{"line":59,"column":29}},"59":{"start":{"line":60,"column":0},"end":{"line":60,"column":31}},"60":{"start":{"line":61,"column":0},"end":{"line":61,"column":0}},"61":{"start":{"line":62,"column":0},"end":{"line":62,"column":22}},"62":{"start":{"line":63,"column":0},"end":{"line":63,"column":41}},"63":{"start":{"line":64,"column":0},"end":{"line":64,"column":53}},"64":{"start":{"line":65,"column":0},"end":{"line":65,"column":27}},"65":{"start":{"line":66,"column":0},"end":{"line":66,"column":12}},"66":{"start":{"line":67,"column":0},"end":{"line":67,"column":65}},"67":{"start":{"line":68,"column":0},"end":{"line":68,"column":50}},"68":{"start":{"line":69,"column":0},"end":{"line":69,"column":137}},"69":{"start":{"line":70,"column":0},"end":{"line":70,"column":7}},"70":{"start":{"line":71,"column":0},"end":{"line":71,"column":25}},"71":{"start":{"line":72,"column":0},"end":{"line":72,"column":5}},"72":{"start":{"line":73,"column":0},"end":{"line":73,"column":17}},"73":{"start":{"line":74,"column":0},"end":{"line":74,"column":63}},"74":{"start":{"line":75,"column":0},"end":{"line":75,"column":48}},"75":{"start":{"line":76,"column":0},"end":{"line":76,"column":115}},"76":{"start":{"line":77,"column":0},"end":{"line":77,"column":5}},"77":{"start":{"line":78,"column":0},"end":{"line":78,"column":23}},"78":{"start":{"line":79,"column":0},"end":{"line":79,"column":3}},"79":{"start":{"line":80,"column":0},"end":{"line":80,"column":1}},"80":{"start":{"line":81,"column":0},"end":{"line":81,"column":0}},"81":{"start":{"line":82,"column":0},"end":{"line":82,"column":3}},"82":{"start":{"line":83,"column":0},"end":{"line":83,"column":80}},"83":{"start":{"line":84,"column":0},"end":{"line":84,"column":112}},"84":{"start":{"line":85,"column":0},"end":{"line":85,"column":3}},"85":{"start":{"line":86,"column":0},"end":{"line":86,"column":68}},"86":{"start":{"line":87,"column":0},"end":{"line":87,"column":112}},"87":{"start":{"line":88,"column":0},"end":{"line":88,"column":84}},"88":{"start":{"line":89,"column":0},"end":{"line":89,"column":75}},"89":{"start":{"line":90,"column":0},"end":{"line":90,"column":57}},"90":{"start":{"line":91,"column":0},"end":{"line":91,"column":82}},"91":{"start":{"line":92,"column":0},"end":{"line":92,"column":70}},"92":{"start":{"line":93,"column":0},"end":{"line":93,"column":0}},"93":{"start":{"line":94,"column":0},"end":{"line":94,"column":58}},"94":{"start":{"line":95,"column":0},"end":{"line":95,"column":41}},"95":{"start":{"line":96,"column":0},"end":{"line":96,"column":0}},"96":{"start":{"line":97,"column":0},"end":{"line":97,"column":68}},"97":{"start":{"line":98,"column":0},"end":{"line":98,"column":19}},"98":{"start":{"line":99,"column":0},"end":{"line":99,"column":31}},"99":{"start":{"line":100,"column":0},"end":{"line":100,"column":38}},"100":{"start":{"line":101,"column":0},"end":{"line":101,"column":37}},"101":{"start":{"line":102,"column":0},"end":{"line":102,"column":34}},"102":{"start":{"line":103,"column":0},"end":{"line":103,"column":0}},"103":{"start":{"line":104,"column":0},"end":{"line":104,"column":18}},"104":{"start":{"line":105,"column":0},"end":{"line":105,"column":92}},"105":{"start":{"line":106,"column":0},"end":{"line":106,"column":5}},"106":{"start":{"line":107,"column":0},"end":{"line":107,"column":0}},"107":{"start":{"line":108,"column":0},"end":{"line":108,"column":26}},"108":{"start":{"line":109,"column":0},"end":{"line":109,"column":0}},"109":{"start":{"line":110,"column":0},"end":{"line":110,"column":39}},"110":{"start":{"line":111,"column":0},"end":{"line":111,"column":45}},"111":{"start":{"line":112,"column":0},"end":{"line":112,"column":47}},"112":{"start":{"line":113,"column":0},"end":{"line":113,"column":45}},"113":{"start":{"line":114,"column":0},"end":{"line":114,"column":0}},"114":{"start":{"line":115,"column":0},"end":{"line":115,"column":20}},"115":{"start":{"line":116,"column":0},"end":{"line":116,"column":63}},"116":{"start":{"line":117,"column":0},"end":{"line":117,"column":0}},"117":{"start":{"line":118,"column":0},"end":{"line":118,"column":39}},"118":{"start":{"line":119,"column":0},"end":{"line":119,"column":46}},"119":{"start":{"line":120,"column":0},"end":{"line":120,"column":139}},"120":{"start":{"line":121,"column":0},"end":{"line":121,"column":94}},"121":{"start":{"line":122,"column":0},"end":{"line":122,"column":101}},"122":{"start":{"line":123,"column":0},"end":{"line":123,"column":7}},"123":{"start":{"line":124,"column":0},"end":{"line":124,"column":5}},"124":{"start":{"line":125,"column":0},"end":{"line":125,"column":0}},"125":{"start":{"line":126,"column":0},"end":{"line":126,"column":71}},"126":{"start":{"line":127,"column":0},"end":{"line":127,"column":58}},"127":{"start":{"line":128,"column":0},"end":{"line":128,"column":36}},"128":{"start":{"line":129,"column":0},"end":{"line":129,"column":54}},"129":{"start":{"line":130,"column":0},"end":{"line":130,"column":46}},"130":{"start":{"line":131,"column":0},"end":{"line":131,"column":7}},"131":{"start":{"line":132,"column":0},"end":{"line":132,"column":18}},"132":{"start":{"line":133,"column":0},"end":{"line":133,"column":6}},"133":{"start":{"line":134,"column":0},"end":{"line":134,"column":0}},"134":{"start":{"line":135,"column":0},"end":{"line":135,"column":57}},"135":{"start":{"line":136,"column":0},"end":{"line":136,"column":44}},"136":{"start":{"line":137,"column":0},"end":{"line":137,"column":71}},"137":{"start":{"line":138,"column":0},"end":{"line":138,"column":58}},"138":{"start":{"line":139,"column":0},"end":{"line":139,"column":0}},"139":{"start":{"line":140,"column":0},"end":{"line":140,"column":36}},"140":{"start":{"line":141,"column":0},"end":{"line":141,"column":38}},"141":{"start":{"line":142,"column":0},"end":{"line":142,"column":7}},"142":{"start":{"line":143,"column":0},"end":{"line":143,"column":0}},"143":{"start":{"line":144,"column":0},"end":{"line":144,"column":100}},"144":{"start":{"line":145,"column":0},"end":{"line":145,"column":7}},"145":{"start":{"line":146,"column":0},"end":{"line":146,"column":0}},"146":{"start":{"line":147,"column":0},"end":{"line":147,"column":30}},"147":{"start":{"line":148,"column":0},"end":{"line":148,"column":58}},"148":{"start":{"line":149,"column":0},"end":{"line":149,"column":127}},"149":{"start":{"line":150,"column":0},"end":{"line":150,"column":32}},"150":{"start":{"line":151,"column":0},"end":{"line":151,"column":32}},"151":{"start":{"line":152,"column":0},"end":{"line":152,"column":37}},"152":{"start":{"line":153,"column":0},"end":{"line":153,"column":23}},"153":{"start":{"line":154,"column":0},"end":{"line":154,"column":22}},"154":{"start":{"line":155,"column":0},"end":{"line":155,"column":26}},"155":{"start":{"line":156,"column":0},"end":{"line":156,"column":27}},"156":{"start":{"line":157,"column":0},"end":{"line":157,"column":25}},"157":{"start":{"line":158,"column":0},"end":{"line":158,"column":0}},"158":{"start":{"line":159,"column":0},"end":{"line":159,"column":31}},"159":{"start":{"line":160,"column":0},"end":{"line":160,"column":150}},"160":{"start":{"line":161,"column":0},"end":{"line":161,"column":72}},"161":{"start":{"line":162,"column":0},"end":{"line":162,"column":20}},"162":{"start":{"line":163,"column":0},"end":{"line":163,"column":98}},"163":{"start":{"line":164,"column":0},"end":{"line":164,"column":31}},"164":{"start":{"line":165,"column":0},"end":{"line":165,"column":34}},"165":{"start":{"line":166,"column":0},"end":{"line":166,"column":32}},"166":{"start":{"line":167,"column":0},"end":{"line":167,"column":40}},"167":{"start":{"line":168,"column":0},"end":{"line":168,"column":48}},"168":{"start":{"line":169,"column":0},"end":{"line":169,"column":68}},"169":{"start":{"line":170,"column":0},"end":{"line":170,"column":0}},"170":{"start":{"line":171,"column":0},"end":{"line":171,"column":58}},"171":{"start":{"line":172,"column":0},"end":{"line":172,"column":64}},"172":{"start":{"line":173,"column":0},"end":{"line":173,"column":61}},"173":{"start":{"line":174,"column":0},"end":{"line":174,"column":96}},"174":{"start":{"line":175,"column":0},"end":{"line":175,"column":36}},"175":{"start":{"line":176,"column":0},"end":{"line":176,"column":35}},"176":{"start":{"line":177,"column":0},"end":{"line":177,"column":11}},"177":{"start":{"line":178,"column":0},"end":{"line":178,"column":9}},"178":{"start":{"line":179,"column":0},"end":{"line":179,"column":14}},"179":{"start":{"line":180,"column":0},"end":{"line":180,"column":93}},"180":{"start":{"line":181,"column":0},"end":{"line":181,"column":7}},"181":{"start":{"line":182,"column":0},"end":{"line":182,"column":5}},"182":{"start":{"line":183,"column":0},"end":{"line":183,"column":0}},"183":{"start":{"line":184,"column":0},"end":{"line":184,"column":37}},"184":{"start":{"line":185,"column":0},"end":{"line":185,"column":80}},"185":{"start":{"line":186,"column":0},"end":{"line":186,"column":136}},"186":{"start":{"line":187,"column":0},"end":{"line":187,"column":30}},"187":{"start":{"line":188,"column":0},"end":{"line":188,"column":5}},"188":{"start":{"line":189,"column":0},"end":{"line":189,"column":0}},"189":{"start":{"line":190,"column":0},"end":{"line":190,"column":50}},"190":{"start":{"line":191,"column":0},"end":{"line":191,"column":96}},"191":{"start":{"line":192,"column":0},"end":{"line":192,"column":60}},"192":{"start":{"line":193,"column":0},"end":{"line":193,"column":121}},"193":{"start":{"line":194,"column":0},"end":{"line":194,"column":32}},"194":{"start":{"line":195,"column":0},"end":{"line":195,"column":31}},"195":{"start":{"line":196,"column":0},"end":{"line":196,"column":7}},"196":{"start":{"line":197,"column":0},"end":{"line":197,"column":5}},"197":{"start":{"line":198,"column":0},"end":{"line":198,"column":0}},"198":{"start":{"line":199,"column":0},"end":{"line":199,"column":37}},"199":{"start":{"line":200,"column":0},"end":{"line":200,"column":56}},"200":{"start":{"line":201,"column":0},"end":{"line":201,"column":69}},"201":{"start":{"line":202,"column":0},"end":{"line":202,"column":139}},"202":{"start":{"line":203,"column":0},"end":{"line":203,"column":0}},"203":{"start":{"line":204,"column":0},"end":{"line":204,"column":28}},"204":{"start":{"line":205,"column":0},"end":{"line":205,"column":92}},"205":{"start":{"line":206,"column":0},"end":{"line":206,"column":138}},"206":{"start":{"line":207,"column":0},"end":{"line":207,"column":94}},"207":{"start":{"line":208,"column":0},"end":{"line":208,"column":30}},"208":{"start":{"line":209,"column":0},"end":{"line":209,"column":38}},"209":{"start":{"line":210,"column":0},"end":{"line":210,"column":16}},"210":{"start":{"line":211,"column":0},"end":{"line":211,"column":84}},"211":{"start":{"line":212,"column":0},"end":{"line":212,"column":34}},"212":{"start":{"line":213,"column":0},"end":{"line":213,"column":9}},"213":{"start":{"line":214,"column":0},"end":{"line":214,"column":7}},"214":{"start":{"line":215,"column":0},"end":{"line":215,"column":5}},"215":{"start":{"line":216,"column":0},"end":{"line":216,"column":0}},"216":{"start":{"line":217,"column":0},"end":{"line":217,"column":56}},"217":{"start":{"line":218,"column":0},"end":{"line":218,"column":39}},"218":{"start":{"line":219,"column":0},"end":{"line":219,"column":114}},"219":{"start":{"line":220,"column":0},"end":{"line":220,"column":92}},"220":{"start":{"line":221,"column":0},"end":{"line":221,"column":5}},"221":{"start":{"line":222,"column":0},"end":{"line":222,"column":0}},"222":{"start":{"line":223,"column":0},"end":{"line":223,"column":57}},"223":{"start":{"line":224,"column":0},"end":{"line":224,"column":27}},"224":{"start":{"line":225,"column":0},"end":{"line":225,"column":46}},"225":{"start":{"line":226,"column":0},"end":{"line":226,"column":73}},"226":{"start":{"line":227,"column":0},"end":{"line":227,"column":95}},"227":{"start":{"line":228,"column":0},"end":{"line":228,"column":0}},"228":{"start":{"line":229,"column":0},"end":{"line":229,"column":67}},"229":{"start":{"line":230,"column":0},"end":{"line":230,"column":100}},"230":{"start":{"line":231,"column":0},"end":{"line":231,"column":55}},"231":{"start":{"line":232,"column":0},"end":{"line":232,"column":0}},"232":{"start":{"line":233,"column":0},"end":{"line":233,"column":28}},"233":{"start":{"line":234,"column":0},"end":{"line":234,"column":66}},"234":{"start":{"line":235,"column":0},"end":{"line":235,"column":7}},"235":{"start":{"line":236,"column":0},"end":{"line":236,"column":0}},"236":{"start":{"line":237,"column":0},"end":{"line":237,"column":23}},"237":{"start":{"line":238,"column":0},"end":{"line":238,"column":69}},"238":{"start":{"line":239,"column":0},"end":{"line":239,"column":7}},"239":{"start":{"line":240,"column":0},"end":{"line":240,"column":0}},"240":{"start":{"line":241,"column":0},"end":{"line":241,"column":87}},"241":{"start":{"line":242,"column":0},"end":{"line":242,"column":59}},"242":{"start":{"line":243,"column":0},"end":{"line":243,"column":0}},"243":{"start":{"line":244,"column":0},"end":{"line":244,"column":58}},"244":{"start":{"line":245,"column":0},"end":{"line":245,"column":91}},"245":{"start":{"line":246,"column":0},"end":{"line":246,"column":99}},"246":{"start":{"line":247,"column":0},"end":{"line":247,"column":0}},"247":{"start":{"line":248,"column":0},"end":{"line":248,"column":22}},"248":{"start":{"line":249,"column":0},"end":{"line":249,"column":5}},"249":{"start":{"line":250,"column":0},"end":{"line":250,"column":0}},"250":{"start":{"line":251,"column":0},"end":{"line":251,"column":53}},"251":{"start":{"line":252,"column":0},"end":{"line":252,"column":106}},"252":{"start":{"line":253,"column":0},"end":{"line":253,"column":0}},"253":{"start":{"line":254,"column":0},"end":{"line":254,"column":69}},"254":{"start":{"line":255,"column":0},"end":{"line":255,"column":31}},"255":{"start":{"line":256,"column":0},"end":{"line":256,"column":53}},"256":{"start":{"line":257,"column":0},"end":{"line":257,"column":18}},"257":{"start":{"line":258,"column":0},"end":{"line":258,"column":19}},"258":{"start":{"line":259,"column":0},"end":{"line":259,"column":23}},"259":{"start":{"line":260,"column":0},"end":{"line":260,"column":54}},"260":{"start":{"line":261,"column":0},"end":{"line":261,"column":24}},"261":{"start":{"line":262,"column":0},"end":{"line":262,"column":9}},"262":{"start":{"line":263,"column":0},"end":{"line":263,"column":5}},"263":{"start":{"line":264,"column":0},"end":{"line":264,"column":0}},"264":{"start":{"line":265,"column":0},"end":{"line":265,"column":20}},"265":{"start":{"line":266,"column":0},"end":{"line":266,"column":4}},"266":{"start":{"line":267,"column":0},"end":{"line":267,"column":1}}},"s":{"0":1,"1":1,"2":1,"3":1,"4":1,"5":1,"6":1,"7":1,"8":1,"9":8,"10":8,"11":8,"12":8,"13":8,"14":8,"15":8,"16":8,"17":8,"18":8,"19":8,"20":8,"21":0,"22":0,"23":0,"24":0,"25":0,"26":0,"27":1,"28":1,"29":29,"30":29,"31":29,"32":29,"33":1,"34":1,"35":1,"36":1,"37":1,"38":1,"39":1,"40":1,"41":1,"42":1,"43":1,"44":1,"45":1,"46":1,"47":1,"48":1,"49":0,"50":0,"51":1,"52":1,"53":1,"54":1,"55":1,"56":1,"57":1,"58":1,"59":1,"60":1,"61":1,"62":1,"63":1,"64":1,"65":1,"66":0,"67":0,"68":0,"69":0,"70":0,"71":0,"72":1,"73":0,"74":0,"75":0,"76":0,"77":0,"78":0,"79":1,"80":1,"81":1,"82":1,"83":1,"84":1,"85":1,"86":2,"87":2,"88":2,"89":2,"90":2,"91":2,"92":2,"93":2,"94":13,"95":13,"96":13,"97":13,"98":13,"99":9,"100":9,"101":8,"102":13,"103":13,"104":5,"105":5,"106":8,"107":8,"108":8,"109":8,"110":8,"111":8,"112":8,"113":8,"114":8,"115":8,"116":8,"117":8,"118":8,"119":1,"120":1,"121":1,"122":1,"123":8,"124":7,"125":7,"126":7,"127":7,"128":7,"129":0,"130":0,"131":7,"132":7,"133":7,"134":7,"135":7,"136":21,"137":21,"138":21,"139":21,"140":7,"141":7,"142":14,"143":21,"144":7,"145":7,"146":7,"147":7,"148":13,"149":13,"150":13,"151":13,"152":13,"153":13,"154":13,"155":13,"156":13,"157":13,"158":13,"159":5,"160":5,"161":5,"162":5,"163":5,"164":5,"165":5,"166":5,"167":5,"168":5,"169":5,"170":5,"171":5,"172":4,"173":1,"174":1,"175":1,"176":1,"177":4,"178":5,"179":0,"180":0,"181":5,"182":7,"183":7,"184":13,"185":1,"186":1,"187":1,"188":7,"189":7,"190":13,"191":2,"192":0,"193":0,"194":0,"195":0,"196":2,"197":7,"198":7,"199":13,"200":3,"201":3,"202":3,"203":3,"204":1,"205":1,"206":1,"207":1,"208":1,"209":1,"210":0,"211":0,"212":0,"213":1,"214":3,"215":7,"216":7,"217":13,"218":1,"219":1,"220":1,"221":6,"222":6,"223":13,"224":3,"225":3,"226":3,"227":3,"228":3,"229":3,"230":3,"231":3,"232":3,"233":1,"234":1,"235":3,"236":3,"237":3,"238":3,"239":3,"240":3,"241":3,"242":3,"243":3,"244":3,"245":3,"246":3,"247":3,"248":3,"249":3,"250":3,"251":13,"252":13,"253":13,"254":13,"255":1,"256":1,"257":1,"258":1,"259":1,"260":1,"261":1,"262":1,"263":3,"264":3,"265":13,"266":2},"branchMap":{"0":{"type":"branch","line":10,"loc":{"start":{"line":10,"column":0},"end":{"line":27,"column":1}},"locations":[{"start":{"line":10,"column":0},"end":{"line":27,"column":1}}]},"1":{"type":"branch","line":21,"loc":{"start":{"line":21,"column":2},"end":{"line":27,"column":1}},"locations":[{"start":{"line":21,"column":2},"end":{"line":27,"column":1}}]},"2":{"type":"branch","line":29,"loc":{"start":{"line":29,"column":17},"end":{"line":33,"column":2}},"locations":[{"start":{"line":29,"column":17},"end":{"line":33,"column":2}}]},"3":{"type":"branch","line":38,"loc":{"start":{"line":38,"column":0},"end":{"line":80,"column":1}},"locations":[{"start":{"line":38,"column":0},"end":{"line":80,"column":1}}]},"4":{"type":"branch","line":49,"loc":{"start":{"line":49,"column":19},"end":{"line":51,"column":5}},"locations":[{"start":{"line":49,"column":19},"end":{"line":51,"column":5}}]},"5":{"type":"branch","line":66,"loc":{"start":{"line":66,"column":4},"end":{"line":72,"column":5}},"locations":[{"start":{"line":66,"column":4},"end":{"line":72,"column":5}}]},"6":{"type":"branch","line":73,"loc":{"start":{"line":73,"column":2},"end":{"line":79,"column":3}},"locations":[{"start":{"line":73,"column":2},"end":{"line":79,"column":3}}]},"7":{"type":"branch","line":86,"loc":{"start":{"line":86,"column":7},"end":{"line":267,"column":1}},"locations":[{"start":{"line":86,"column":7},"end":{"line":267,"column":1}}]},"8":{"type":"branch","line":87,"loc":{"start":{"line":87,"column":30},"end":{"line":87,"column":82}},"locations":[{"start":{"line":87,"column":30},"end":{"line":87,"column":82}}]},"9":{"type":"branch","line":87,"loc":{"start":{"line":87,"column":61},"end":{"line":87,"column":112}},"locations":[{"start":{"line":87,"column":61},"end":{"line":87,"column":112}}]},"10":{"type":"branch","line":88,"loc":{"start":{"line":88,"column":31},"end":{"line":88,"column":81}},"locations":[{"start":{"line":88,"column":31},"end":{"line":88,"column":81}}]},"11":{"type":"branch","line":88,"loc":{"start":{"line":88,"column":59},"end":{"line":88,"column":84}},"locations":[{"start":{"line":88,"column":59},"end":{"line":88,"column":84}}]},"12":{"type":"branch","line":89,"loc":{"start":{"line":89,"column":28},"end":{"line":89,"column":72}},"locations":[{"start":{"line":89,"column":28},"end":{"line":89,"column":72}}]},"13":{"type":"branch","line":89,"loc":{"start":{"line":89,"column":53},"end":{"line":89,"column":75}},"locations":[{"start":{"line":89,"column":53},"end":{"line":89,"column":75}}]},"14":{"type":"branch","line":92,"loc":{"start":{"line":92,"column":30},"end":{"line":92,"column":70}},"locations":[{"start":{"line":92,"column":30},"end":{"line":92,"column":70}}]},"15":{"type":"branch","line":94,"loc":{"start":{"line":94,"column":9},"end":{"line":266,"column":4}},"locations":[{"start":{"line":94,"column":9},"end":{"line":266,"column":4}}]},"16":{"type":"branch","line":99,"loc":{"start":{"line":99,"column":27},"end":{"line":100,"column":38}},"locations":[{"start":{"line":99,"column":27},"end":{"line":100,"column":38}}]},"17":{"type":"branch","line":100,"loc":{"start":{"line":100,"column":34},"end":{"line":101,"column":37}},"locations":[{"start":{"line":100,"column":34},"end":{"line":101,"column":37}}]},"18":{"type":"branch","line":101,"loc":{"start":{"line":101,"column":33},"end":{"line":102,"column":34}},"locations":[{"start":{"line":101,"column":33},"end":{"line":102,"column":34}}]},"19":{"type":"branch","line":104,"loc":{"start":{"line":104,"column":17},"end":{"line":106,"column":5}},"locations":[{"start":{"line":104,"column":17},"end":{"line":106,"column":5}}]},"20":{"type":"branch","line":105,"loc":{"start":{"line":105,"column":21},"end":{"line":105,"column":72}},"locations":[{"start":{"line":105,"column":21},"end":{"line":105,"column":72}}]},"21":{"type":"branch","line":105,"loc":{"start":{"line":105,"column":68},"end":{"line":105,"column":92}},"locations":[{"start":{"line":105,"column":68},"end":{"line":105,"column":92}}]},"22":{"type":"branch","line":106,"loc":{"start":{"line":106,"column":4},"end":{"line":124,"column":5}},"locations":[{"start":{"line":106,"column":4},"end":{"line":124,"column":5}}]},"23":{"type":"branch","line":119,"loc":{"start":{"line":119,"column":45},"end":{"line":123,"column":7}},"locations":[{"start":{"line":119,"column":45},"end":{"line":123,"column":7}}]},"24":{"type":"branch","line":124,"loc":{"start":{"line":124,"column":4},"end":{"line":149,"column":94}},"locations":[{"start":{"line":124,"column":4},"end":{"line":149,"column":94}}]},"25":{"type":"branch","line":149,"loc":{"start":{"line":149,"column":79},"end":{"line":149,"column":102}},"locations":[{"start":{"line":149,"column":79},"end":{"line":149,"column":102}}]},"26":{"type":"branch","line":149,"loc":{"start":{"line":149,"column":94},"end":{"line":149,"column":114}},"locations":[{"start":{"line":149,"column":94},"end":{"line":149,"column":114}}]},"27":{"type":"branch","line":149,"loc":{"start":{"line":149,"column":102},"end":{"line":149,"column":123}},"locations":[{"start":{"line":149,"column":102},"end":{"line":149,"column":123}}]},"28":{"type":"branch","line":159,"loc":{"start":{"line":159,"column":8},"end":{"line":159,"column":30}},"locations":[{"start":{"line":159,"column":8},"end":{"line":159,"column":30}}]},"29":{"type":"branch","line":159,"loc":{"start":{"line":159,"column":30},"end":{"line":182,"column":5}},"locations":[{"start":{"line":159,"column":30},"end":{"line":182,"column":5}}]},"30":{"type":"branch","line":160,"loc":{"start":{"line":160,"column":127},"end":{"line":160,"column":146}},"locations":[{"start":{"line":160,"column":127},"end":{"line":160,"column":146}}]},"31":{"type":"branch","line":169,"loc":{"start":{"line":169,"column":31},"end":{"line":169,"column":68}},"locations":[{"start":{"line":169,"column":31},"end":{"line":169,"column":68}}]},"32":{"type":"branch","line":172,"loc":{"start":{"line":172,"column":63},"end":{"line":178,"column":9}},"locations":[{"start":{"line":172,"column":63},"end":{"line":178,"column":9}}]},"33":{"type":"branch","line":173,"loc":{"start":{"line":173,"column":60},"end":{"line":177,"column":11}},"locations":[{"start":{"line":173,"column":60},"end":{"line":177,"column":11}}]},"34":{"type":"branch","line":179,"loc":{"start":{"line":179,"column":6},"end":{"line":181,"column":7}},"locations":[{"start":{"line":179,"column":6},"end":{"line":181,"column":7}}]},"35":{"type":"branch","line":182,"loc":{"start":{"line":182,"column":4},"end":{"line":185,"column":27}},"locations":[{"start":{"line":182,"column":4},"end":{"line":185,"column":27}}]},"36":{"type":"branch","line":185,"loc":{"start":{"line":185,"column":8},"end":{"line":185,"column":41}},"locations":[{"start":{"line":185,"column":8},"end":{"line":185,"column":41}}]},"37":{"type":"branch","line":185,"loc":{"start":{"line":185,"column":27},"end":{"line":185,"column":79}},"locations":[{"start":{"line":185,"column":27},"end":{"line":185,"column":79}}]},"38":{"type":"branch","line":185,"loc":{"start":{"line":185,"column":79},"end":{"line":188,"column":5}},"locations":[{"start":{"line":185,"column":79},"end":{"line":188,"column":5}}]},"39":{"type":"branch","line":188,"loc":{"start":{"line":188,"column":4},"end":{"line":191,"column":27}},"locations":[{"start":{"line":188,"column":4},"end":{"line":191,"column":27}}]},"40":{"type":"branch","line":191,"loc":{"start":{"line":191,"column":8},"end":{"line":191,"column":41}},"locations":[{"start":{"line":191,"column":8},"end":{"line":191,"column":41}}]},"41":{"type":"branch","line":191,"loc":{"start":{"line":191,"column":27},"end":{"line":191,"column":67}},"locations":[{"start":{"line":191,"column":27},"end":{"line":191,"column":67}}]},"42":{"type":"branch","line":191,"loc":{"start":{"line":191,"column":52},"end":{"line":191,"column":95}},"locations":[{"start":{"line":191,"column":52},"end":{"line":191,"column":95}}]},"43":{"type":"branch","line":191,"loc":{"start":{"line":191,"column":95},"end":{"line":197,"column":5}},"locations":[{"start":{"line":191,"column":95},"end":{"line":197,"column":5}}]},"44":{"type":"branch","line":192,"loc":{"start":{"line":192,"column":59},"end":{"line":196,"column":7}},"locations":[{"start":{"line":192,"column":59},"end":{"line":196,"column":7}}]},"45":{"type":"branch","line":197,"loc":{"start":{"line":197,"column":4},"end":{"line":200,"column":27}},"locations":[{"start":{"line":197,"column":4},"end":{"line":200,"column":27}}]},"46":{"type":"branch","line":200,"loc":{"start":{"line":200,"column":8},"end":{"line":200,"column":44}},"locations":[{"start":{"line":200,"column":8},"end":{"line":200,"column":44}}]},"47":{"type":"branch","line":200,"loc":{"start":{"line":200,"column":27},"end":{"line":200,"column":55}},"locations":[{"start":{"line":200,"column":27},"end":{"line":200,"column":55}}]},"48":{"type":"branch","line":200,"loc":{"start":{"line":200,"column":55},"end":{"line":215,"column":5}},"locations":[{"start":{"line":200,"column":55},"end":{"line":215,"column":5}}]},"49":{"type":"branch","line":202,"loc":{"start":{"line":202,"column":90},"end":{"line":202,"column":114}},"locations":[{"start":{"line":202,"column":90},"end":{"line":202,"column":114}}]},"50":{"type":"branch","line":202,"loc":{"start":{"line":202,"column":106},"end":{"line":202,"column":126}},"locations":[{"start":{"line":202,"column":106},"end":{"line":202,"column":126}}]},"51":{"type":"branch","line":202,"loc":{"start":{"line":202,"column":114},"end":{"line":202,"column":135}},"locations":[{"start":{"line":202,"column":114},"end":{"line":202,"column":135}}]},"52":{"type":"branch","line":204,"loc":{"start":{"line":204,"column":27},"end":{"line":214,"column":7}},"locations":[{"start":{"line":204,"column":27},"end":{"line":214,"column":7}}]},"53":{"type":"branch","line":210,"loc":{"start":{"line":210,"column":8},"end":{"line":213,"column":9}},"locations":[{"start":{"line":210,"column":8},"end":{"line":213,"column":9}}]},"54":{"type":"branch","line":215,"loc":{"start":{"line":215,"column":4},"end":{"line":218,"column":20}},"locations":[{"start":{"line":215,"column":4},"end":{"line":218,"column":20}}]},"55":{"type":"branch","line":218,"loc":{"start":{"line":218,"column":8},"end":{"line":218,"column":38}},"locations":[{"start":{"line":218,"column":8},"end":{"line":218,"column":38}}]},"56":{"type":"branch","line":218,"loc":{"start":{"line":218,"column":38},"end":{"line":221,"column":5}},"locations":[{"start":{"line":218,"column":38},"end":{"line":221,"column":5}}]},"57":{"type":"branch","line":220,"loc":{"start":{"line":220,"column":21},"end":{"line":220,"column":72}},"locations":[{"start":{"line":220,"column":21},"end":{"line":220,"column":72}}]},"58":{"type":"branch","line":221,"loc":{"start":{"line":221,"column":4},"end":{"line":224,"column":26}},"locations":[{"start":{"line":221,"column":4},"end":{"line":224,"column":26}}]},"59":{"type":"branch","line":224,"loc":{"start":{"line":224,"column":26},"end":{"line":252,"column":46}},"locations":[{"start":{"line":224,"column":26},"end":{"line":252,"column":46}}]},"60":{"type":"branch","line":233,"loc":{"start":{"line":233,"column":27},"end":{"line":235,"column":7}},"locations":[{"start":{"line":233,"column":27},"end":{"line":235,"column":7}}]},"61":{"type":"branch","line":252,"loc":{"start":{"line":252,"column":29},"end":{"line":252,"column":86}},"locations":[{"start":{"line":252,"column":29},"end":{"line":252,"column":86}}]},"62":{"type":"branch","line":252,"loc":{"start":{"line":252,"column":82},"end":{"line":252,"column":106}},"locations":[{"start":{"line":252,"column":82},"end":{"line":252,"column":106}}]},"63":{"type":"branch","line":255,"loc":{"start":{"line":255,"column":30},"end":{"line":263,"column":5}},"locations":[{"start":{"line":255,"column":30},"end":{"line":263,"column":5}}]},"64":{"type":"branch","line":263,"loc":{"start":{"line":263,"column":4},"end":{"line":265,"column":20}},"locations":[{"start":{"line":263,"column":4},"end":{"line":265,"column":20}}]},"65":{"type":"branch","line":127,"loc":{"start":{"line":127,"column":31},"end":{"line":133,"column":6}},"locations":[{"start":{"line":127,"column":31},"end":{"line":133,"column":6}}]},"66":{"type":"branch","line":129,"loc":{"start":{"line":129,"column":53},"end":{"line":131,"column":7}},"locations":[{"start":{"line":129,"column":53},"end":{"line":131,"column":7}}]},"67":{"type":"branch","line":136,"loc":{"start":{"line":136,"column":38},"end":{"line":145,"column":5}},"locations":[{"start":{"line":136,"column":38},"end":{"line":145,"column":5}}]},"68":{"type":"branch","line":137,"loc":{"start":{"line":137,"column":62},"end":{"line":137,"column":71}},"locations":[{"start":{"line":137,"column":62},"end":{"line":137,"column":71}}]},"69":{"type":"branch","line":138,"loc":{"start":{"line":138,"column":49},"end":{"line":138,"column":58}},"locations":[{"start":{"line":138,"column":49},"end":{"line":138,"column":58}}]},"70":{"type":"branch","line":140,"loc":{"start":{"line":140,"column":35},"end":{"line":142,"column":7}},"locations":[{"start":{"line":140,"column":35},"end":{"line":142,"column":7}}]},"71":{"type":"branch","line":142,"loc":{"start":{"line":142,"column":6},"end":{"line":144,"column":51}},"locations":[{"start":{"line":142,"column":6},"end":{"line":144,"column":51}}]},"72":{"type":"branch","line":144,"loc":{"start":{"line":144,"column":32},"end":{"line":144,"column":100}},"locations":[{"start":{"line":144,"column":32},"end":{"line":144,"column":100}}]}},"b":{"0":[8],"1":[0],"2":[29],"3":[1],"4":[0],"5":[0],"6":[0],"7":[2],"8":[0],"9":[0],"10":[0],"11":[0],"12":[0],"13":[0],"14":[0],"15":[13],"16":[9],"17":[9],"18":[8],"19":[5],"20":[1],"21":[4],"22":[8],"23":[1],"24":[7],"25":[6],"26":[5],"27":[2],"28":[6],"29":[5],"30":[0],"31":[3],"32":[4],"33":[1],"34":[0],"35":[7],"36":[4],"37":[4],"38":[1],"39":[7],"40":[3],"41":[3],"42":[3],"43":[2],"44":[0],"45":[7],"46":[3],"47":[3],"48":[3],"49":[2],"50":[2],"51":[1],"52":[1],"53":[0],"54":[7],"55":[1],"56":[1],"57":[0],"58":[6],"59":[3],"60":[1],"61":[0],"62":[3],"63":[1],"64":[3],"65":[7],"66":[0],"67":[21],"68":[0],"69":[7],"70":[7],"71":[14],"72":[13]},"fnMap":{"0":{"name":"resolveTenant","decl":{"start":{"line":10,"column":0},"end":{"line":27,"column":1}},"loc":{"start":{"line":10,"column":0},"end":{"line":27,"column":1}},"line":10},"1":{"name":"debugLog","decl":{"start":{"line":29,"column":17},"end":{"line":33,"column":2}},"loc":{"start":{"line":29,"column":17},"end":{"line":33,"column":2}},"line":29},"2":{"name":"verifySessionExpiry","decl":{"start":{"line":38,"column":0},"end":{"line":80,"column":1}},"loc":{"start":{"line":38,"column":0},"end":{"line":80,"column":1}},"line":38},"3":{"name":"withIndustrialAuth","decl":{"start":{"line":86,"column":7},"end":{"line":267,"column":1}},"loc":{"start":{"line":86,"column":7},"end":{"line":267,"column":1}},"line":86},"4":{"name":"middleware","decl":{"start":{"line":94,"column":9},"end":{"line":266,"column":4}},"loc":{"start":{"line":94,"column":9},"end":{"line":266,"column":4}},"line":94},"5":{"name":"getUnlocalizedPath","decl":{"start":{"line":127,"column":31},"end":{"line":133,"column":6}},"loc":{"start":{"line":127,"column":31},"end":{"line":133,"column":6}},"line":127}},"f":{"0":8,"1":29,"2":1,"3":2,"4":13,"5":7}}
,"D:\\desarrollos\\ABDSuite\\ABDSatelliteSDK\\src\\routeHandler.ts": {"path":"D:\\desarrollos\\ABDSuite\\ABDSatelliteSDK\\src\\routeHandler.ts","all":false,"statementMap":{"0":{"start":{"line":1,"column":0},"end":{"line":1,"column":56}},"1":{"start":{"line":2,"column":0},"end":{"line":2,"column":49}},"2":{"start":{"line":3,"column":0},"end":{"line":3,"column":53}},"3":{"start":{"line":4,"column":0},"end":{"line":4,"column":57}},"4":{"start":{"line":5,"column":0},"end":{"line":5,"column":0}},"5":{"start":{"line":6,"column":0},"end":{"line":6,"column":3}},"6":{"start":{"line":7,"column":0},"end":{"line":7,"column":78}},"7":{"start":{"line":8,"column":0},"end":{"line":8,"column":73}},"8":{"start":{"line":9,"column":0},"end":{"line":9,"column":3}},"9":{"start":{"line":10,"column":0},"end":{"line":10,"column":72}},"10":{"start":{"line":11,"column":0},"end":{"line":11,"column":112}},"11":{"start":{"line":12,"column":0},"end":{"line":12,"column":36}},"12":{"start":{"line":13,"column":0},"end":{"line":13,"column":84}},"13":{"start":{"line":14,"column":0},"end":{"line":14,"column":57}},"14":{"start":{"line":15,"column":0},"end":{"line":15,"column":82}},"15":{"start":{"line":16,"column":0},"end":{"line":16,"column":0}},"16":{"start":{"line":17,"column":0},"end":{"line":17,"column":55}},"17":{"start":{"line":18,"column":0},"end":{"line":18,"column":60}},"18":{"start":{"line":19,"column":0},"end":{"line":19,"column":0}},"19":{"start":{"line":20,"column":0},"end":{"line":20,"column":53}},"20":{"start":{"line":21,"column":0},"end":{"line":21,"column":40}},"21":{"start":{"line":22,"column":0},"end":{"line":22,"column":68}},"22":{"start":{"line":23,"column":0},"end":{"line":23,"column":40}},"23":{"start":{"line":24,"column":0},"end":{"line":24,"column":5}},"24":{"start":{"line":25,"column":0},"end":{"line":25,"column":0}},"25":{"start":{"line":26,"column":0},"end":{"line":26,"column":44}},"26":{"start":{"line":27,"column":0},"end":{"line":27,"column":39}},"27":{"start":{"line":28,"column":0},"end":{"line":28,"column":61}},"28":{"start":{"line":29,"column":0},"end":{"line":29,"column":33}},"29":{"start":{"line":30,"column":0},"end":{"line":30,"column":18}},"30":{"start":{"line":31,"column":0},"end":{"line":31,"column":18}},"31":{"start":{"line":32,"column":0},"end":{"line":32,"column":29}},"32":{"start":{"line":33,"column":0},"end":{"line":33,"column":23}},"33":{"start":{"line":34,"column":0},"end":{"line":34,"column":8}},"34":{"start":{"line":35,"column":0},"end":{"line":35,"column":0}},"35":{"start":{"line":36,"column":0},"end":{"line":36,"column":21}},"36":{"start":{"line":37,"column":0},"end":{"line":37,"column":65}},"37":{"start":{"line":38,"column":0},"end":{"line":38,"column":64}},"38":{"start":{"line":39,"column":0},"end":{"line":39,"column":72}},"39":{"start":{"line":40,"column":0},"end":{"line":40,"column":0}},"40":{"start":{"line":41,"column":0},"end":{"line":41,"column":103}},"41":{"start":{"line":42,"column":0},"end":{"line":42,"column":51}},"42":{"start":{"line":43,"column":0},"end":{"line":43,"column":45}},"43":{"start":{"line":44,"column":0},"end":{"line":44,"column":24}},"44":{"start":{"line":45,"column":0},"end":{"line":45,"column":7}},"45":{"start":{"line":46,"column":0},"end":{"line":46,"column":0}},"46":{"start":{"line":47,"column":0},"end":{"line":47,"column":143}},"47":{"start":{"line":48,"column":0},"end":{"line":48,"column":53}},"48":{"start":{"line":49,"column":0},"end":{"line":49,"column":65}},"49":{"start":{"line":50,"column":0},"end":{"line":50,"column":0}},"50":{"start":{"line":51,"column":0},"end":{"line":51,"column":45}},"51":{"start":{"line":52,"column":0},"end":{"line":52,"column":87}},"52":{"start":{"line":53,"column":0},"end":{"line":53,"column":8}},"53":{"start":{"line":54,"column":0},"end":{"line":54,"column":0}},"54":{"start":{"line":55,"column":0},"end":{"line":55,"column":62}},"55":{"start":{"line":56,"column":0},"end":{"line":56,"column":70}},"56":{"start":{"line":57,"column":0},"end":{"line":57,"column":0}},"57":{"start":{"line":58,"column":0},"end":{"line":58,"column":101}},"58":{"start":{"line":59,"column":0},"end":{"line":59,"column":49}},"59":{"start":{"line":60,"column":0},"end":{"line":60,"column":43}},"60":{"start":{"line":61,"column":0},"end":{"line":61,"column":22}},"61":{"start":{"line":62,"column":0},"end":{"line":62,"column":5}},"62":{"start":{"line":63,"column":0},"end":{"line":63,"column":0}},"63":{"start":{"line":64,"column":0},"end":{"line":64,"column":64}},"64":{"start":{"line":65,"column":0},"end":{"line":65,"column":51}},"65":{"start":{"line":66,"column":0},"end":{"line":66,"column":44}},"66":{"start":{"line":67,"column":0},"end":{"line":67,"column":53}},"67":{"start":{"line":68,"column":0},"end":{"line":68,"column":0}},"68":{"start":{"line":69,"column":0},"end":{"line":69,"column":59}},"69":{"start":{"line":70,"column":0},"end":{"line":70,"column":102}},"70":{"start":{"line":71,"column":0},"end":{"line":71,"column":7}},"71":{"start":{"line":72,"column":0},"end":{"line":72,"column":0}},"72":{"start":{"line":73,"column":0},"end":{"line":73,"column":11}},"73":{"start":{"line":74,"column":0},"end":{"line":74,"column":67}},"74":{"start":{"line":75,"column":0},"end":{"line":75,"column":48}},"75":{"start":{"line":76,"column":0},"end":{"line":76,"column":108}},"76":{"start":{"line":77,"column":0},"end":{"line":77,"column":0}},"77":{"start":{"line":78,"column":0},"end":{"line":78,"column":43}},"78":{"start":{"line":79,"column":0},"end":{"line":79,"column":25}},"79":{"start":{"line":80,"column":0},"end":{"line":80,"column":58}},"80":{"start":{"line":81,"column":0},"end":{"line":81,"column":32}},"81":{"start":{"line":82,"column":0},"end":{"line":82,"column":17}},"82":{"start":{"line":83,"column":0},"end":{"line":83,"column":32}},"83":{"start":{"line":84,"column":0},"end":{"line":84,"column":40}},"84":{"start":{"line":85,"column":0},"end":{"line":85,"column":45}},"85":{"start":{"line":86,"column":0},"end":{"line":86,"column":13}},"86":{"start":{"line":87,"column":0},"end":{"line":87,"column":11}},"87":{"start":{"line":88,"column":0},"end":{"line":88,"column":0}},"88":{"start":{"line":89,"column":0},"end":{"line":89,"column":22}},"89":{"start":{"line":90,"column":0},"end":{"line":90,"column":45}},"90":{"start":{"line":91,"column":0},"end":{"line":91,"column":107}},"91":{"start":{"line":92,"column":0},"end":{"line":92,"column":9}},"92":{"start":{"line":93,"column":0},"end":{"line":93,"column":0}},"93":{"start":{"line":94,"column":0},"end":{"line":94,"column":41}},"94":{"start":{"line":95,"column":0},"end":{"line":95,"column":56}},"95":{"start":{"line":96,"column":0},"end":{"line":96,"column":0}},"96":{"start":{"line":97,"column":0},"end":{"line":97,"column":84}},"97":{"start":{"line":98,"column":0},"end":{"line":98,"column":62}},"98":{"start":{"line":99,"column":0},"end":{"line":99,"column":25}},"99":{"start":{"line":100,"column":0},"end":{"line":100,"column":56}},"100":{"start":{"line":101,"column":0},"end":{"line":101,"column":26}},"101":{"start":{"line":102,"column":0},"end":{"line":102,"column":20}},"102":{"start":{"line":103,"column":0},"end":{"line":103,"column":57}},"103":{"start":{"line":104,"column":0},"end":{"line":104,"column":11}},"104":{"start":{"line":105,"column":0},"end":{"line":105,"column":0}},"105":{"start":{"line":106,"column":0},"end":{"line":106,"column":32}},"106":{"start":{"line":107,"column":0},"end":{"line":107,"column":21}},"107":{"start":{"line":108,"column":0},"end":{"line":108,"column":60}},"108":{"start":{"line":109,"column":0},"end":{"line":109,"column":108}},"109":{"start":{"line":110,"column":0},"end":{"line":110,"column":7}},"110":{"start":{"line":111,"column":0},"end":{"line":111,"column":5}},"111":{"start":{"line":112,"column":0},"end":{"line":112,"column":0}},"112":{"start":{"line":113,"column":0},"end":{"line":113,"column":76}},"113":{"start":{"line":114,"column":0},"end":{"line":114,"column":4}},"114":{"start":{"line":115,"column":0},"end":{"line":115,"column":1}}},"s":{"0":1,"1":1,"2":1,"3":1,"4":1,"5":1,"6":1,"7":1,"8":1,"9":1,"10":1,"11":1,"12":1,"13":1,"14":1,"15":1,"16":1,"17":9,"18":9,"19":9,"20":9,"21":1,"22":1,"23":1,"24":8,"25":8,"26":9,"27":2,"28":2,"29":2,"30":2,"31":2,"32":2,"33":2,"34":2,"35":2,"36":1,"37":1,"38":1,"39":1,"40":1,"41":1,"42":1,"43":1,"44":1,"45":1,"46":2,"47":2,"48":2,"49":2,"50":2,"51":2,"52":2,"53":2,"54":2,"55":2,"56":2,"57":2,"58":2,"59":2,"60":2,"61":2,"62":6,"63":6,"64":9,"65":5,"66":5,"67":5,"68":5,"69":2,"70":2,"71":3,"72":3,"73":3,"74":3,"75":3,"76":3,"77":3,"78":3,"79":3,"80":3,"81":3,"82":3,"83":3,"84":3,"85":3,"86":3,"87":2,"88":5,"89":1,"90":1,"91":1,"92":1,"93":1,"94":1,"95":1,"96":1,"97":1,"98":1,"99":1,"100":1,"101":1,"102":1,"103":1,"104":1,"105":1,"106":1,"107":1,"108":1,"109":1,"110":5,"111":1,"112":1,"113":9,"114":1},"branchMap":{"0":{"type":"branch","line":10,"loc":{"start":{"line":10,"column":7},"end":{"line":115,"column":1}},"locations":[{"start":{"line":10,"column":7},"end":{"line":115,"column":1}}]},"1":{"type":"branch","line":11,"loc":{"start":{"line":11,"column":30},"end":{"line":11,"column":82}},"locations":[{"start":{"line":11,"column":30},"end":{"line":11,"column":82}}]},"2":{"type":"branch","line":11,"loc":{"start":{"line":11,"column":61},"end":{"line":11,"column":112}},"locations":[{"start":{"line":11,"column":61},"end":{"line":11,"column":112}}]},"3":{"type":"branch","line":13,"loc":{"start":{"line":13,"column":31},"end":{"line":13,"column":81}},"locations":[{"start":{"line":13,"column":31},"end":{"line":13,"column":81}}]},"4":{"type":"branch","line":13,"loc":{"start":{"line":13,"column":59},"end":{"line":13,"column":84}},"locations":[{"start":{"line":13,"column":59},"end":{"line":13,"column":84}}]},"5":{"type":"branch","line":17,"loc":{"start":{"line":17,"column":9},"end":{"line":114,"column":4}},"locations":[{"start":{"line":17,"column":9},"end":{"line":114,"column":4}}]},"6":{"type":"branch","line":21,"loc":{"start":{"line":21,"column":39},"end":{"line":24,"column":5}},"locations":[{"start":{"line":21,"column":39},"end":{"line":24,"column":5}}]},"7":{"type":"branch","line":24,"loc":{"start":{"line":24,"column":4},"end":{"line":27,"column":38}},"locations":[{"start":{"line":24,"column":4},"end":{"line":27,"column":38}}]},"8":{"type":"branch","line":27,"loc":{"start":{"line":27,"column":38},"end":{"line":62,"column":5}},"locations":[{"start":{"line":27,"column":38},"end":{"line":62,"column":5}}]},"9":{"type":"branch","line":36,"loc":{"start":{"line":36,"column":20},"end":{"line":47,"column":78}},"locations":[{"start":{"line":36,"column":20},"end":{"line":47,"column":78}}]},"10":{"type":"branch","line":47,"loc":{"start":{"line":47,"column":55},"end":{"line":47,"column":143}},"locations":[{"start":{"line":47,"column":55},"end":{"line":47,"column":143}}]},"11":{"type":"branch","line":62,"loc":{"start":{"line":62,"column":4},"end":{"line":65,"column":50}},"locations":[{"start":{"line":62,"column":4},"end":{"line":65,"column":50}}]},"12":{"type":"branch","line":65,"loc":{"start":{"line":65,"column":50},"end":{"line":111,"column":5}},"locations":[{"start":{"line":65,"column":50},"end":{"line":111,"column":5}}]},"13":{"type":"branch","line":67,"loc":{"start":{"line":67,"column":44},"end":{"line":67,"column":53}},"locations":[{"start":{"line":67,"column":44},"end":{"line":67,"column":53}}]},"14":{"type":"branch","line":69,"loc":{"start":{"line":69,"column":11},"end":{"line":69,"column":58}},"locations":[{"start":{"line":69,"column":11},"end":{"line":69,"column":58}}]},"15":{"type":"branch","line":69,"loc":{"start":{"line":69,"column":58},"end":{"line":71,"column":7}},"locations":[{"start":{"line":69,"column":58},"end":{"line":71,"column":7}}]},"16":{"type":"branch","line":71,"loc":{"start":{"line":71,"column":6},"end":{"line":87,"column":11}},"locations":[{"start":{"line":71,"column":6},"end":{"line":87,"column":11}}]},"17":{"type":"branch","line":87,"loc":{"start":{"line":87,"column":9},"end":{"line":89,"column":21}},"locations":[{"start":{"line":87,"column":9},"end":{"line":89,"column":21}}]},"18":{"type":"branch","line":89,"loc":{"start":{"line":89,"column":21},"end":{"line":110,"column":7}},"locations":[{"start":{"line":89,"column":21},"end":{"line":110,"column":7}}]},"19":{"type":"branch","line":111,"loc":{"start":{"line":111,"column":4},"end":{"line":113,"column":76}},"locations":[{"start":{"line":111,"column":4},"end":{"line":113,"column":76}}]}},"b":{"0":[1],"1":[0],"2":[0],"3":[0],"4":[0],"5":[9],"6":[1],"7":[8],"8":[2],"9":[1],"10":[1],"11":[6],"12":[5],"13":[4],"14":[4],"15":[2],"16":[3],"17":[2],"18":[1],"19":[1]},"fnMap":{"0":{"name":"createAuthRouteHandler","decl":{"start":{"line":10,"column":7},"end":{"line":115,"column":1}},"loc":{"start":{"line":10,"column":7},"end":{"line":115,"column":1}},"line":10},"1":{"name":"handler","decl":{"start":{"line":17,"column":9},"end":{"line":114,"column":4}},"loc":{"start":{"line":17,"column":9},"end":{"line":114,"column":4}},"line":17}},"f":{"0":1,"1":9}}
,"D:\\desarrollos\\ABDSuite\\ABDSatelliteSDK\\src\\session.ts": {"path":"D:\\desarrollos\\ABDSuite\\ABDSatelliteSDK\\src\\session.ts","all":false,"statementMap":{"0":{"start":{"line":1,"column":0},"end":{"line":1,"column":39}},"1":{"start":{"line":2,"column":0},"end":{"line":2,"column":45}},"2":{"start":{"line":3,"column":0},"end":{"line":3,"column":48}},"3":{"start":{"line":4,"column":0},"end":{"line":4,"column":0}},"4":{"start":{"line":5,"column":0},"end":{"line":5,"column":52}},"5":{"start":{"line":6,"column":0},"end":{"line":6,"column":58}},"6":{"start":{"line":7,"column":0},"end":{"line":7,"column":19}},"7":{"start":{"line":8,"column":0},"end":{"line":8,"column":42}},"8":{"start":{"line":9,"column":0},"end":{"line":9,"column":3}},"9":{"start":{"line":10,"column":0},"end":{"line":10,"column":1}},"10":{"start":{"line":11,"column":0},"end":{"line":11,"column":0}},"11":{"start":{"line":12,"column":0},"end":{"line":12,"column":56}},"12":{"start":{"line":13,"column":0},"end":{"line":13,"column":63}},"13":{"start":{"line":14,"column":0},"end":{"line":14,"column":19}},"14":{"start":{"line":15,"column":0},"end":{"line":15,"column":46}},"15":{"start":{"line":16,"column":0},"end":{"line":16,"column":3}},"16":{"start":{"line":17,"column":0},"end":{"line":17,"column":1}},"17":{"start":{"line":18,"column":0},"end":{"line":18,"column":0}},"18":{"start":{"line":19,"column":0},"end":{"line":19,"column":3}},"19":{"start":{"line":20,"column":0},"end":{"line":20,"column":75}},"20":{"start":{"line":21,"column":0},"end":{"line":21,"column":33}},"21":{"start":{"line":22,"column":0},"end":{"line":22,"column":3}},"22":{"start":{"line":23,"column":0},"end":{"line":23,"column":94}},"23":{"start":{"line":24,"column":0},"end":{"line":24,"column":7}},"24":{"start":{"line":25,"column":0},"end":{"line":25,"column":40}},"25":{"start":{"line":26,"column":0},"end":{"line":26,"column":57}},"26":{"start":{"line":27,"column":0},"end":{"line":27,"column":4}},"27":{"start":{"line":28,"column":0},"end":{"line":28,"column":32}},"28":{"start":{"line":29,"column":0},"end":{"line":29,"column":38}},"29":{"start":{"line":30,"column":0},"end":{"line":30,"column":5}},"30":{"start":{"line":31,"column":0},"end":{"line":31,"column":0}},"31":{"start":{"line":32,"column":0},"end":{"line":32,"column":73}},"32":{"start":{"line":33,"column":0},"end":{"line":33,"column":19}},"33":{"start":{"line":34,"column":0},"end":{"line":34,"column":38}},"34":{"start":{"line":35,"column":0},"end":{"line":35,"column":5}},"35":{"start":{"line":36,"column":0},"end":{"line":36,"column":0}},"36":{"start":{"line":37,"column":0},"end":{"line":37,"column":12}},"37":{"start":{"line":38,"column":0},"end":{"line":38,"column":26}},"38":{"start":{"line":39,"column":0},"end":{"line":39,"column":13}},"39":{"start":{"line":40,"column":0},"end":{"line":40,"column":24}},"40":{"start":{"line":41,"column":0},"end":{"line":41,"column":29}},"41":{"start":{"line":42,"column":0},"end":{"line":42,"column":27}},"42":{"start":{"line":43,"column":0},"end":{"line":43,"column":33}},"43":{"start":{"line":44,"column":0},"end":{"line":44,"column":27}},"44":{"start":{"line":45,"column":0},"end":{"line":45,"column":35}},"45":{"start":{"line":46,"column":0},"end":{"line":46,"column":35}},"46":{"start":{"line":47,"column":0},"end":{"line":47,"column":53}},"47":{"start":{"line":48,"column":0},"end":{"line":48,"column":47}},"48":{"start":{"line":49,"column":0},"end":{"line":49,"column":47}},"49":{"start":{"line":50,"column":0},"end":{"line":50,"column":7}},"50":{"start":{"line":51,"column":0},"end":{"line":51,"column":6}},"51":{"start":{"line":52,"column":0},"end":{"line":52,"column":19}},"52":{"start":{"line":53,"column":0},"end":{"line":53,"column":48}},"53":{"start":{"line":54,"column":0},"end":{"line":54,"column":134}},"54":{"start":{"line":55,"column":0},"end":{"line":55,"column":5}},"55":{"start":{"line":56,"column":0},"end":{"line":56,"column":36}},"56":{"start":{"line":57,"column":0},"end":{"line":57,"column":3}},"57":{"start":{"line":58,"column":0},"end":{"line":58,"column":1}},"58":{"start":{"line":59,"column":0},"end":{"line":59,"column":0}},"59":{"start":{"line":60,"column":0},"end":{"line":60,"column":3}},"60":{"start":{"line":61,"column":0},"end":{"line":61,"column":23}},"61":{"start":{"line":62,"column":0},"end":{"line":62,"column":79}},"62":{"start":{"line":63,"column":0},"end":{"line":63,"column":40}},"63":{"start":{"line":64,"column":0},"end":{"line":64,"column":3}},"64":{"start":{"line":65,"column":0},"end":{"line":65,"column":92}},"65":{"start":{"line":66,"column":0},"end":{"line":66,"column":59}},"66":{"start":{"line":67,"column":0},"end":{"line":67,"column":2}},"67":{"start":{"line":68,"column":0},"end":{"line":68,"column":48}},"68":{"start":{"line":69,"column":0},"end":{"line":69,"column":40}},"69":{"start":{"line":70,"column":0},"end":{"line":70,"column":3}},"70":{"start":{"line":71,"column":0},"end":{"line":71,"column":0}},"71":{"start":{"line":72,"column":0},"end":{"line":72,"column":98}},"72":{"start":{"line":73,"column":0},"end":{"line":73,"column":44}},"73":{"start":{"line":74,"column":0},"end":{"line":74,"column":3}},"74":{"start":{"line":75,"column":0},"end":{"line":75,"column":0}},"75":{"start":{"line":76,"column":0},"end":{"line":76,"column":22}},"76":{"start":{"line":77,"column":0},"end":{"line":77,"column":1}}},"s":{"0":1,"1":1,"2":1,"3":1,"4":1,"5":1,"6":1,"7":1,"8":1,"9":1,"10":1,"11":1,"12":1,"13":1,"14":1,"15":1,"16":1,"17":1,"18":1,"19":1,"20":1,"21":1,"22":9,"23":9,"24":9,"25":9,"26":9,"27":9,"28":2,"29":2,"30":6,"31":6,"32":9,"33":1,"34":1,"35":5,"36":5,"37":5,"38":5,"39":5,"40":5,"41":5,"42":5,"43":5,"44":5,"45":5,"46":5,"47":9,"48":9,"49":9,"50":9,"51":9,"52":1,"53":1,"54":1,"55":1,"56":1,"57":9,"58":1,"59":1,"60":1,"61":1,"62":1,"63":1,"64":4,"65":4,"66":4,"67":4,"68":1,"69":1,"70":3,"71":4,"72":1,"73":1,"74":2,"75":2,"76":2},"branchMap":{"0":{"type":"branch","line":6,"loc":{"start":{"line":6,"column":2},"end":{"line":9,"column":3}},"locations":[{"start":{"line":6,"column":2},"end":{"line":9,"column":3}}]},"1":{"type":"branch","line":13,"loc":{"start":{"line":13,"column":2},"end":{"line":16,"column":3}},"locations":[{"start":{"line":13,"column":2},"end":{"line":16,"column":3}}]},"2":{"type":"branch","line":23,"loc":{"start":{"line":23,"column":0},"end":{"line":58,"column":1}},"locations":[{"start":{"line":23,"column":0},"end":{"line":58,"column":1}}]},"3":{"type":"branch","line":28,"loc":{"start":{"line":28,"column":9},"end":{"line":28,"column":31}},"locations":[{"start":{"line":28,"column":9},"end":{"line":28,"column":31}}]},"4":{"type":"branch","line":28,"loc":{"start":{"line":28,"column":31},"end":{"line":30,"column":5}},"locations":[{"start":{"line":28,"column":31},"end":{"line":30,"column":5}}]},"5":{"type":"branch","line":30,"loc":{"start":{"line":30,"column":4},"end":{"line":33,"column":18}},"locations":[{"start":{"line":30,"column":4},"end":{"line":33,"column":18}}]},"6":{"type":"branch","line":33,"loc":{"start":{"line":33,"column":18},"end":{"line":35,"column":5}},"locations":[{"start":{"line":33,"column":18},"end":{"line":35,"column":5}}]},"7":{"type":"branch","line":35,"loc":{"start":{"line":35,"column":4},"end":{"line":48,"column":44}},"locations":[{"start":{"line":35,"column":4},"end":{"line":48,"column":44}}]},"8":{"type":"branch","line":48,"loc":{"start":{"line":48,"column":29},"end":{"line":48,"column":47}},"locations":[{"start":{"line":48,"column":29},"end":{"line":48,"column":47}}]},"9":{"type":"branch","line":49,"loc":{"start":{"line":49,"column":29},"end":{"line":49,"column":47}},"locations":[{"start":{"line":49,"column":29},"end":{"line":49,"column":47}}]},"10":{"type":"branch","line":52,"loc":{"start":{"line":52,"column":2},"end":{"line":57,"column":3}},"locations":[{"start":{"line":52,"column":2},"end":{"line":57,"column":3}}]},"11":{"type":"branch","line":54,"loc":{"start":{"line":54,"column":117},"end":{"line":54,"column":132}},"locations":[{"start":{"line":54,"column":117},"end":{"line":54,"column":132}}]},"12":{"type":"branch","line":65,"loc":{"start":{"line":65,"column":0},"end":{"line":77,"column":1}},"locations":[{"start":{"line":65,"column":0},"end":{"line":77,"column":1}}]},"13":{"type":"branch","line":68,"loc":{"start":{"line":68,"column":15},"end":{"line":68,"column":47}},"locations":[{"start":{"line":68,"column":15},"end":{"line":68,"column":47}}]},"14":{"type":"branch","line":68,"loc":{"start":{"line":68,"column":47},"end":{"line":70,"column":3}},"locations":[{"start":{"line":68,"column":47},"end":{"line":70,"column":3}}]},"15":{"type":"branch","line":70,"loc":{"start":{"line":70,"column":2},"end":{"line":72,"column":60}},"locations":[{"start":{"line":70,"column":2},"end":{"line":72,"column":60}}]},"16":{"type":"branch","line":72,"loc":{"start":{"line":72,"column":44},"end":{"line":72,"column":97}},"locations":[{"start":{"line":72,"column":44},"end":{"line":72,"column":97}}]},"17":{"type":"branch","line":72,"loc":{"start":{"line":72,"column":97},"end":{"line":74,"column":3}},"locations":[{"start":{"line":72,"column":97},"end":{"line":74,"column":3}}]},"18":{"type":"branch","line":74,"loc":{"start":{"line":74,"column":2},"end":{"line":77,"column":1}},"locations":[{"start":{"line":74,"column":2},"end":{"line":77,"column":1}}]}},"b":{"0":[1],"1":[1],"2":[9],"3":[6],"4":[2],"5":[6],"6":[1],"7":[5],"8":[4],"9":[4],"10":[1],"11":[0],"12":[4],"13":[3],"14":[1],"15":[3],"16":[2],"17":[1],"18":[2]},"fnMap":{"0":{"name":"UnauthorizedAccessError","decl":{"start":{"line":6,"column":2},"end":{"line":9,"column":3}},"loc":{"start":{"line":6,"column":2},"end":{"line":9,"column":3}},"line":6},"1":{"name":"InsufficientPrivilegesError","decl":{"start":{"line":13,"column":2},"end":{"line":16,"column":3}},"loc":{"start":{"line":13,"column":2},"end":{"line":16,"column":3}},"line":13},"2":{"name":"getIndustrialSession","decl":{"start":{"line":23,"column":0},"end":{"line":58,"column":1}},"loc":{"start":{"line":23,"column":0},"end":{"line":58,"column":1}},"line":23},"3":{"name":"ensureIndustrialAccess","decl":{"start":{"line":65,"column":0},"end":{"line":77,"column":1}},"loc":{"start":{"line":65,"column":0},"end":{"line":77,"column":1}},"line":65}},"f":{"0":1,"1":1,"2":9,"3":4}}
,"D:\\desarrollos\\ABDSuite\\ABDSatelliteSDK\\src\\client\\useSession.tsx": {"path":"D:\\desarrollos\\ABDSuite\\ABDSatelliteSDK\\src\\client\\useSession.tsx","all":true,"statementMap":{"0":{"start":{"line":1,"column":0},"end":{"line":1,"column":13}},"1":{"start":{"line":2,"column":0},"end":{"line":2,"column":0}},"2":{"start":{"line":3,"column":0},"end":{"line":3,"column":78}},"3":{"start":{"line":4,"column":0},"end":{"line":4,"column":62}},"4":{"start":{"line":5,"column":0},"end":{"line":5,"column":61}},"5":{"start":{"line":6,"column":0},"end":{"line":6,"column":0}},"6":{"start":{"line":7,"column":0},"end":{"line":7,"column":39}},"7":{"start":{"line":8,"column":0},"end":{"line":8,"column":28}},"8":{"start":{"line":9,"column":0},"end":{"line":9,"column":58}},"9":{"start":{"line":10,"column":0},"end":{"line":10,"column":30}},"10":{"start":{"line":11,"column":0},"end":{"line":11,"column":1}},"11":{"start":{"line":12,"column":0},"end":{"line":12,"column":0}},"12":{"start":{"line":13,"column":0},"end":{"line":13,"column":82}},"13":{"start":{"line":14,"column":0},"end":{"line":14,"column":0}},"14":{"start":{"line":15,"column":0},"end":{"line":15,"column":32}},"15":{"start":{"line":16,"column":0},"end":{"line":16,"column":28}},"16":{"start":{"line":17,"column":0},"end":{"line":17,"column":36}},"17":{"start":{"line":18,"column":0},"end":{"line":18,"column":75}},"18":{"start":{"line":19,"column":0},"end":{"line":19,"column":33}},"19":{"start":{"line":20,"column":0},"end":{"line":20,"column":56}},"20":{"start":{"line":21,"column":0},"end":{"line":21,"column":24}},"21":{"start":{"line":22,"column":0},"end":{"line":22,"column":1}},"22":{"start":{"line":23,"column":0},"end":{"line":23,"column":0}},"23":{"start":{"line":24,"column":0},"end":{"line":24,"column":3}},"24":{"start":{"line":25,"column":0},"end":{"line":25,"column":49}},"25":{"start":{"line":26,"column":0},"end":{"line":26,"column":69}},"26":{"start":{"line":27,"column":0},"end":{"line":27,"column":3}},"27":{"start":{"line":28,"column":0},"end":{"line":28,"column":65}},"28":{"start":{"line":29,"column":0},"end":{"line":29,"column":11}},"29":{"start":{"line":30,"column":0},"end":{"line":30,"column":17}},"30":{"start":{"line":31,"column":0},"end":{"line":31,"column":30}},"31":{"start":{"line":32,"column":0},"end":{"line":32,"column":18}},"32":{"start":{"line":33,"column":0},"end":{"line":33,"column":7}},"33":{"start":{"line":34,"column":0},"end":{"line":34,"column":59}},"34":{"start":{"line":35,"column":0},"end":{"line":35,"column":46}},"35":{"start":{"line":36,"column":0},"end":{"line":36,"column":4}},"36":{"start":{"line":37,"column":0},"end":{"line":37,"column":88}},"37":{"start":{"line":38,"column":0},"end":{"line":38,"column":18}},"38":{"start":{"line":39,"column":0},"end":{"line":39,"column":76}},"39":{"start":{"line":40,"column":0},"end":{"line":40,"column":17}},"40":{"start":{"line":41,"column":0},"end":{"line":41,"column":4}},"41":{"start":{"line":42,"column":0},"end":{"line":42,"column":0}},"42":{"start":{"line":43,"column":0},"end":{"line":43,"column":49}},"43":{"start":{"line":44,"column":0},"end":{"line":44,"column":9}},"44":{"start":{"line":45,"column":0},"end":{"line":45,"column":39}},"45":{"start":{"line":46,"column":0},"end":{"line":46,"column":74}},"46":{"start":{"line":47,"column":0},"end":{"line":47,"column":19}},"47":{"start":{"line":48,"column":0},"end":{"line":48,"column":41}},"48":{"start":{"line":49,"column":0},"end":{"line":49,"column":79}},"49":{"start":{"line":50,"column":0},"end":{"line":50,"column":25}},"50":{"start":{"line":51,"column":0},"end":{"line":51,"column":76}},"51":{"start":{"line":52,"column":0},"end":{"line":52,"column":14}},"52":{"start":{"line":53,"column":0},"end":{"line":53,"column":45}},"53":{"start":{"line":54,"column":0},"end":{"line":54,"column":37}},"54":{"start":{"line":55,"column":0},"end":{"line":55,"column":7}},"55":{"start":{"line":56,"column":0},"end":{"line":56,"column":19}},"56":{"start":{"line":57,"column":0},"end":{"line":57,"column":61}},"57":{"start":{"line":58,"column":0},"end":{"line":58,"column":43}},"58":{"start":{"line":59,"column":0},"end":{"line":59,"column":35}},"59":{"start":{"line":60,"column":0},"end":{"line":60,"column":5}},"60":{"start":{"line":61,"column":0},"end":{"line":61,"column":4}},"61":{"start":{"line":62,"column":0},"end":{"line":62,"column":0}},"62":{"start":{"line":63,"column":0},"end":{"line":63,"column":72}},"63":{"start":{"line":64,"column":0},"end":{"line":64,"column":19}},"64":{"start":{"line":65,"column":0},"end":{"line":65,"column":26}},"65":{"start":{"line":66,"column":0},"end":{"line":66,"column":21}},"66":{"start":{"line":67,"column":0},"end":{"line":67,"column":5}},"67":{"start":{"line":68,"column":0},"end":{"line":68,"column":23}},"68":{"start":{"line":69,"column":0},"end":{"line":69,"column":0}},"69":{"start":{"line":70,"column":0},"end":{"line":70,"column":30}},"70":{"start":{"line":71,"column":0},"end":{"line":71,"column":19}},"71":{"start":{"line":72,"column":0},"end":{"line":72,"column":38}},"72":{"start":{"line":73,"column":0},"end":{"line":73,"column":0}},"73":{"start":{"line":74,"column":0},"end":{"line":74,"column":42}},"74":{"start":{"line":75,"column":0},"end":{"line":75,"column":51}},"75":{"start":{"line":76,"column":0},"end":{"line":76,"column":27}},"76":{"start":{"line":77,"column":0},"end":{"line":77,"column":7}},"77":{"start":{"line":78,"column":0},"end":{"line":78,"column":6}},"78":{"start":{"line":79,"column":0},"end":{"line":79,"column":0}},"79":{"start":{"line":80,"column":0},"end":{"line":80,"column":31}},"80":{"start":{"line":81,"column":0},"end":{"line":81,"column":25}},"81":{"start":{"line":82,"column":0},"end":{"line":82,"column":6}},"82":{"start":{"line":83,"column":0},"end":{"line":83,"column":0}},"83":{"start":{"line":84,"column":0},"end":{"line":84,"column":74}},"84":{"start":{"line":85,"column":0},"end":{"line":85,"column":50}},"85":{"start":{"line":86,"column":0},"end":{"line":86,"column":0}},"86":{"start":{"line":87,"column":0},"end":{"line":87,"column":18}},"87":{"start":{"line":88,"column":0},"end":{"line":88,"column":79}},"88":{"start":{"line":89,"column":0},"end":{"line":89,"column":55}},"89":{"start":{"line":90,"column":0},"end":{"line":90,"column":6}},"90":{"start":{"line":91,"column":0},"end":{"line":91,"column":29}},"91":{"start":{"line":92,"column":0},"end":{"line":92,"column":0}},"92":{"start":{"line":93,"column":0},"end":{"line":93,"column":25}},"93":{"start":{"line":94,"column":0},"end":{"line":94,"column":19}},"94":{"start":{"line":95,"column":0},"end":{"line":95,"column":34}},"95":{"start":{"line":96,"column":0},"end":{"line":96,"column":4}},"96":{"start":{"line":97,"column":0},"end":{"line":97,"column":40}},"97":{"start":{"line":98,"column":0},"end":{"line":98,"column":25}},"98":{"start":{"line":99,"column":0},"end":{"line":99,"column":21}},"99":{"start":{"line":100,"column":0},"end":{"line":100,"column":4}},"100":{"start":{"line":101,"column":0},"end":{"line":101,"column":41}},"101":{"start":{"line":102,"column":0},"end":{"line":102,"column":21}},"102":{"start":{"line":103,"column":0},"end":{"line":103,"column":0}},"103":{"start":{"line":104,"column":0},"end":{"line":104,"column":10}},"104":{"start":{"line":105,"column":0},"end":{"line":105,"column":79}},"105":{"start":{"line":106,"column":0},"end":{"line":106,"column":16}},"106":{"start":{"line":107,"column":0},"end":{"line":107,"column":30}},"107":{"start":{"line":108,"column":0},"end":{"line":108,"column":4}},"108":{"start":{"line":109,"column":0},"end":{"line":109,"column":2}},"109":{"start":{"line":110,"column":0},"end":{"line":110,"column":0}},"110":{"start":{"line":111,"column":0},"end":{"line":111,"column":30}},"111":{"start":{"line":112,"column":0},"end":{"line":112,"column":45}},"112":{"start":{"line":113,"column":0},"end":{"line":113,"column":17}},"113":{"start":{"line":114,"column":0},"end":{"line":114,"column":72}},"114":{"start":{"line":115,"column":0},"end":{"line":115,"column":3}},"115":{"start":{"line":116,"column":0},"end":{"line":116,"column":17}},"116":{"start":{"line":117,"column":0},"end":{"line":117,"column":1}}},"s":{"0":0,"1":0,"2":0,"3":0,"4":0,"5":0,"6":0,"7":0,"8":0,"9":0,"10":0,"11":0,"12":0,"13":0,"14":0,"15":0,"16":0,"17":0,"18":0,"19":0,"20":0,"21":0,"22":0,"23":0,"24":0,"25":0,"26":0,"27":0,"28":0,"29":0,"30":0,"31":0,"32":0,"33":0,"34":0,"35":0,"36":0,"37":0,"38":0,"39":0,"40":0,"41":0,"42":0,"43":0,"44":0,"45":0,"46":0,"47":0,"48":0,"49":0,"50":0,"51":0,"52":0,"53":0,"54":0,"55":0,"56":0,"57":0,"58":0,"59":0,"60":0,"61":0,"62":0,"63":0,"64":0,"65":0,"66":0,"67":0,"68":0,"69":0,"70":0,"71":0,"72":0,"73":0,"74":0,"75":0,"76":0,"77":0,"78":0,"79":0,"80":0,"81":0,"82":0,"83":0,"84":0,"85":0,"86":0,"87":0,"88":0,"89":0,"90":0,"91":0,"92":0,"93":0,"94":0,"95":0,"96":0,"97":0,"98":0,"99":0,"100":0,"101":0,"102":0,"103":0,"104":0,"105":0,"106":0,"107":0,"108":0,"109":0,"110":0,"111":0,"112":0,"113":0,"114":0,"115":0,"116":0},"branchMap":{"0":{"type":"branch","line":1,"loc":{"start":{"line":1,"column":3437},"end":{"line":117,"column":1}},"locations":[{"start":{"line":1,"column":3437},"end":{"line":117,"column":1}}]}},"b":{"0":[0]},"fnMap":{"0":{"name":"(empty-report)","decl":{"start":{"line":1,"column":3437},"end":{"line":117,"column":1}},"loc":{"start":{"line":1,"column":3437},"end":{"line":117,"column":1}},"line":1}},"f":{"0":0}}
,"D:\\desarrollos\\ABDSuite\\ABDSatelliteSDK\\src\\styles\\BrandingStyles.tsx": {"path":"D:\\desarrollos\\ABDSuite\\ABDSatelliteSDK\\src\\styles\\BrandingStyles.tsx","all":true,"statementMap":{"0":{"start":{"line":1,"column":0},"end":{"line":1,"column":39}},"1":{"start":{"line":2,"column":0},"end":{"line":2,"column":48}},"2":{"start":{"line":3,"column":0},"end":{"line":3,"column":56}},"3":{"start":{"line":4,"column":0},"end":{"line":4,"column":65}},"4":{"start":{"line":5,"column":0},"end":{"line":5,"column":55}},"5":{"start":{"line":6,"column":0},"end":{"line":6,"column":0}},"6":{"start":{"line":7,"column":0},"end":{"line":7,"column":31}},"7":{"start":{"line":8,"column":0},"end":{"line":8,"column":27}},"8":{"start":{"line":9,"column":0},"end":{"line":9,"column":29}},"9":{"start":{"line":10,"column":0},"end":{"line":10,"column":1}},"10":{"start":{"line":11,"column":0},"end":{"line":11,"column":0}},"11":{"start":{"line":12,"column":0},"end":{"line":12,"column":3}},"12":{"start":{"line":13,"column":0},"end":{"line":13,"column":69}},"13":{"start":{"line":14,"column":0},"end":{"line":14,"column":88}},"14":{"start":{"line":15,"column":0},"end":{"line":15,"column":3}},"15":{"start":{"line":16,"column":0},"end":{"line":16,"column":38}},"16":{"start":{"line":17,"column":0},"end":{"line":17,"column":18}},"17":{"start":{"line":18,"column":0},"end":{"line":18,"column":26}},"18":{"start":{"line":19,"column":0},"end":{"line":19,"column":25}},"19":{"start":{"line":20,"column":0},"end":{"line":20,"column":7}},"20":{"start":{"line":21,"column":0},"end":{"line":21,"column":40}},"21":{"start":{"line":22,"column":0},"end":{"line":22,"column":41}},"22":{"start":{"line":23,"column":0},"end":{"line":23,"column":47}},"23":{"start":{"line":24,"column":0},"end":{"line":24,"column":0}},"24":{"start":{"line":25,"column":0},"end":{"line":25,"column":32}},"25":{"start":{"line":26,"column":0},"end":{"line":26,"column":0}},"26":{"start":{"line":27,"column":0},"end":{"line":27,"column":106}},"27":{"start":{"line":28,"column":0},"end":{"line":28,"column":89}},"28":{"start":{"line":29,"column":0},"end":{"line":29,"column":0}},"29":{"start":{"line":30,"column":0},"end":{"line":30,"column":46}},"30":{"start":{"line":31,"column":0},"end":{"line":31,"column":45}},"31":{"start":{"line":32,"column":0},"end":{"line":32,"column":31}},"32":{"start":{"line":33,"column":0},"end":{"line":33,"column":0}},"33":{"start":{"line":34,"column":0},"end":{"line":34,"column":18}},"34":{"start":{"line":35,"column":0},"end":{"line":35,"column":18}},"35":{"start":{"line":36,"column":0},"end":{"line":36,"column":5}},"36":{"start":{"line":37,"column":0},"end":{"line":37,"column":0}},"37":{"start":{"line":38,"column":0},"end":{"line":38,"column":37}},"38":{"start":{"line":39,"column":0},"end":{"line":39,"column":63}},"39":{"start":{"line":40,"column":0},"end":{"line":40,"column":35}},"40":{"start":{"line":41,"column":0},"end":{"line":41,"column":0}},"41":{"start":{"line":42,"column":0},"end":{"line":42,"column":81}},"42":{"start":{"line":43,"column":0},"end":{"line":43,"column":54}},"43":{"start":{"line":44,"column":0},"end":{"line":44,"column":0}},"44":{"start":{"line":45,"column":0},"end":{"line":45,"column":36}},"45":{"start":{"line":46,"column":0},"end":{"line":46,"column":18}},"46":{"start":{"line":47,"column":0},"end":{"line":47,"column":5}},"47":{"start":{"line":48,"column":0},"end":{"line":48,"column":0}},"48":{"start":{"line":49,"column":0},"end":{"line":49,"column":12}},"49":{"start":{"line":50,"column":0},"end":{"line":50,"column":8}},"50":{"start":{"line":51,"column":0},"end":{"line":51,"column":23}},"51":{"start":{"line":52,"column":0},"end":{"line":52,"column":16}},"52":{"start":{"line":53,"column":0},"end":{"line":53,"column":40}},"53":{"start":{"line":54,"column":0},"end":{"line":54,"column":59}},"54":{"start":{"line":55,"column":0},"end":{"line":55,"column":12}},"55":{"start":{"line":56,"column":0},"end":{"line":56,"column":10}},"56":{"start":{"line":57,"column":0},"end":{"line":57,"column":24}},"57":{"start":{"line":58,"column":0},"end":{"line":58,"column":47}},"58":{"start":{"line":59,"column":0},"end":{"line":59,"column":10}},"59":{"start":{"line":60,"column":0},"end":{"line":60,"column":9}},"60":{"start":{"line":61,"column":0},"end":{"line":61,"column":6}},"61":{"start":{"line":62,"column":0},"end":{"line":62,"column":17}},"62":{"start":{"line":63,"column":0},"end":{"line":63,"column":48}},"63":{"start":{"line":64,"column":0},"end":{"line":64,"column":89}},"64":{"start":{"line":65,"column":0},"end":{"line":65,"column":5}},"65":{"start":{"line":66,"column":0},"end":{"line":66,"column":3}},"66":{"start":{"line":67,"column":0},"end":{"line":67,"column":0}},"67":{"start":{"line":68,"column":0},"end":{"line":68,"column":14}},"68":{"start":{"line":69,"column":0},"end":{"line":69,"column":1}}},"s":{"0":0,"1":0,"2":0,"3":0,"4":0,"5":0,"6":0,"7":0,"8":0,"9":0,"10":0,"11":0,"12":0,"13":0,"14":0,"15":0,"16":0,"17":0,"18":0,"19":0,"20":0,"21":0,"22":0,"23":0,"24":0,"25":0,"26":0,"27":0,"28":0,"29":0,"30":0,"31":0,"32":0,"33":0,"34":0,"35":0,"36":0,"37":0,"38":0,"39":0,"40":0,"41":0,"42":0,"43":0,"44":0,"45":0,"46":0,"47":0,"48":0,"49":0,"50":0,"51":0,"52":0,"53":0,"54":0,"55":0,"56":0,"57":0,"58":0,"59":0,"60":0,"61":0,"62":0,"63":0,"64":0,"65":0,"66":0,"67":0,"68":0},"branchMap":{"0":{"type":"branch","line":1,"loc":{"start":{"line":1,"column":0},"end":{"line":69,"column":-415}},"locations":[{"start":{"line":1,"column":0},"end":{"line":69,"column":-415}}]}},"b":{"0":[0]},"fnMap":{"0":{"name":"(empty-report)","decl":{"start":{"line":1,"column":0},"end":{"line":69,"column":-415}},"loc":{"start":{"line":1,"column":0},"end":{"line":69,"column":-415}},"line":1}},"f":{"0":0}}
,"D:\\desarrollos\\ABDSuite\\ABDSatelliteSDK\\src\\utils\\crypto.ts": {"path":"D:\\desarrollos\\ABDSuite\\ABDSatelliteSDK\\src\\utils\\crypto.ts","all":false,"statementMap":{"0":{"start":{"line":1,"column":0},"end":{"line":1,"column":50}},"1":{"start":{"line":2,"column":0},"end":{"line":2,"column":58}},"2":{"start":{"line":3,"column":0},"end":{"line":3,"column":0}},"3":{"start":{"line":4,"column":0},"end":{"line":4,"column":58}},"4":{"start":{"line":5,"column":0},"end":{"line":5,"column":14}},"5":{"start":{"line":6,"column":0},"end":{"line":6,"column":16}},"6":{"start":{"line":7,"column":0},"end":{"line":7,"column":15}},"7":{"start":{"line":8,"column":0},"end":{"line":8,"column":18}},"8":{"start":{"line":9,"column":0},"end":{"line":9,"column":15}},"9":{"start":{"line":10,"column":0},"end":{"line":10,"column":19}},"10":{"start":{"line":11,"column":0},"end":{"line":11,"column":24}},"11":{"start":{"line":12,"column":0},"end":{"line":12,"column":19}},"12":{"start":{"line":13,"column":0},"end":{"line":13,"column":28}},"13":{"start":{"line":14,"column":0},"end":{"line":14,"column":25}},"14":{"start":{"line":15,"column":0},"end":{"line":15,"column":21}},"15":{"start":{"line":16,"column":0},"end":{"line":16,"column":1}},"16":{"start":{"line":17,"column":0},"end":{"line":17,"column":0}},"17":{"start":{"line":18,"column":0},"end":{"line":18,"column":58}},"18":{"start":{"line":19,"column":0},"end":{"line":19,"column":61}},"19":{"start":{"line":20,"column":0},"end":{"line":20,"column":68}},"20":{"start":{"line":21,"column":0},"end":{"line":21,"column":42}},"21":{"start":{"line":22,"column":0},"end":{"line":22,"column":1}},"22":{"start":{"line":23,"column":0},"end":{"line":23,"column":0}},"23":{"start":{"line":24,"column":0},"end":{"line":24,"column":3}},"24":{"start":{"line":25,"column":0},"end":{"line":25,"column":43}},"25":{"start":{"line":26,"column":0},"end":{"line":26,"column":58}},"26":{"start":{"line":27,"column":0},"end":{"line":27,"column":3}},"27":{"start":{"line":28,"column":0},"end":{"line":28,"column":111}},"28":{"start":{"line":29,"column":0},"end":{"line":29,"column":7}},"29":{"start":{"line":30,"column":0},"end":{"line":30,"column":75}},"30":{"start":{"line":31,"column":0},"end":{"line":31,"column":77}},"31":{"start":{"line":32,"column":0},"end":{"line":32,"column":17}},"32":{"start":{"line":33,"column":0},"end":{"line":33,"column":110}},"33":{"start":{"line":34,"column":0},"end":{"line":34,"column":16}},"34":{"start":{"line":35,"column":0},"end"
[...]
:"branch","line":115,"loc":{"start":{"line":115,"column":26},"end":{"line":117,"column":5}},"locations":[{"start":{"line":115,"column":26},"end":{"line":117,"column":5}}]},"14":{"type":"branch","line":117,"loc":{"start":{"line":117,"column":4},"end":{"line":119,"column":3}},"locations":[{"start":{"line":117,"column":4},"end":{"line":119,"column":3}}]},"15":{"type":"branch","line":119,"loc":{"start":{"line":119,"column":2},"end":{"line":122,"column":78}},"locations":[{"start":{"line":119,"column":2},"end":{"line":122,"column":78}}]},"16":{"type":"branch","line":122,"loc":{"start":{"line":122,"column":78},"end":{"line":127,"column":1}},"locations":[{"start":{"line":122,"column":78},"end":{"line":127,"column":1}}]},"17":{"type":"branch","line":91,"loc":{"start":{"line":91,"column":39},"end":{"line":91,"column":77}},"locations":[{"start":{"line":91,"column":39},"end":{"line":91,"column":77}}]},"18":{"type":"branch","line":103,"loc":{"start":{"line":103,"column":19},"end":{"line":103,"column":51}},"locations":[{"start":{"line":103,"column":19},"end":{"line":103,"column":51}}]},"19":{"type":"branch","line":132,"loc":{"start":{"line":132,"column":0},"end":{"line":155,"column":1}},"locations":[{"start":{"line":132,"column":0},"end":{"line":155,"column":1}}]},"20":{"type":"branch","line":133,"loc":{"start":{"line":133,"column":38},"end":{"line":133,"column":57}},"locations":[{"start":{"line":133,"column":38},"end":{"line":133,"column":57}}]},"21":{"type":"branch","line":134,"loc":{"start":{"line":134,"column":58},"end":{"line":136,"column":3}},"locations":[{"start":{"line":134,"column":58},"end":{"line":136,"column":3}}]},"22":{"type":"branch","line":136,"loc":{"start":{"line":136,"column":2},"end":{"line":143,"column":17}},"locations":[{"start":{"line":136,"column":2},"end":{"line":143,"column":17}}]},"23":{"type":"branch","line":143,"loc":{"start":{"line":143,"column":10},"end":{"line":143,"column":35}},"locations":[{"start":{"line":143,"column":10},"end":{"line":143,"column":35}}]},"24":{"type":"branch","line":143,"loc":{"start":{"line":143,"column":31},"end":{"line":143,"column":45}},"locations":[{"start":{"line":143,"column":31},"end":{"line":143,"column":45}}]},"25":{"type":"branch","line":148,"loc":{"start":{"line":148,"column":25},"end":{"line":150,"column":13}},"locations":[{"start":{"line":148,"column":25},"end":{"line":150,"column":13}}]},"26":{"type":"branch","line":150,"loc":{"start":{"line":150,"column":2},"end":{"line":154,"column":3}},"locations":[{"start":{"line":150,"column":2},"end":{"line":154,"column":3}}]},"27":{"type":"branch","line":150,"loc":{"start":{"line":150,"column":31},"end":{"line":152,"column":9}},"locations":[{"start":{"line":150,"column":31},"end":{"line":152,"column":9}}]},"28":{"type":"branch","line":152,"loc":{"start":{"line":152,"column":2},"end":{"line":154,"column":3}},"locations":[{"start":{"line":152,"column":2},"end":{"line":154,"column":3}}]},"29":{"type":"branch","line":162,"loc":{"start":{"line":162,"column":2},"end":{"line":164,"column":4}},"locations":[{"start":{"line":162,"column":2},"end":{"line":164,"column":4}}]},"30":{"type":"branch","line":166,"loc":{"start":{"line":166,"column":2},"end":{"line":168,"column":4}},"locations":[{"start":{"line":166,"column":2},"end":{"line":168,"column":4}}]},"31":{"type":"branch","line":170,"loc":{"start":{"line":170,"column":2},"end":{"line":172,"column":4}},"locations":[{"start":{"line":170,"column":2},"end":{"line":172,"column":4}}]},"32":{"type":"branch","line":174,"loc":{"start":{"line":174,"column":2},"end":{"line":190,"column":4}},"locations":[{"start":{"line":174,"column":2},"end":{"line":190,"column":4}}]},"33":{"type":"branch","line":185,"loc":{"start":{"line":185,"column":4},"end":{"line":187,"column":5}},"locations":[{"start":{"line":185,"column":4},"end":{"line":187,"column":5}}]},"34":{"type":"branch","line":196,"loc":{"start":{"line":196,"column":2},"end":{"line":236,"column":3}},"locations":[{"start":{"line":196,"column":2},"end":{"line":236,"column":3}}]},"35":{"type":"branch","line":202,"loc":{"start":{"line":202,"column":13},"end":{"line":202,"column":39}},"locations":[{"start":{"line":202,"column":13},"end":{"line":202,"column":39}}]},"36":{"type":"branch","line":202,"loc":{"start":{"line":202,"column":30},"end":{"line":202,"column":49}},"locations":[{"start":{"line":202,"column":30},"end":{"line":202,"column":49}}]},"37":{"type":"branch","line":203,"loc":{"start":{"line":203,"column":29},"end":{"line":203,"column":80}},"locations":[{"start":{"line":203,"column":29},"end":{"line":203,"column":80}}]},"38":{"type":"branch","line":203,"loc":{"start":{"line":203,"column":76},"end":{"line":203,"column":83}},"locations":[{"start":{"line":203,"column":76},"end":{"line":203,"column":83}}]},"39":{"type":"branch","line":204,"loc":{"start":{"line":204,"column":29},"end":{"line":204,"column":80}},"locations":[{"start":{"line":204,"column":29},"end":{"line":204,"column":80}}]},"40":{"type":"branch","line":204,"loc":{"start":{"line":204,"column":76},"end":{"line":204,"column":90}},"locations":[{"start":{"line":204,"column":76},"end":{"line":204,"column":90}}]},"41":{"type":"branch","line":217,"loc":{"start":{"line":217,"column":9},"end":{"line":217,"column":57}},"locations":[{"start":{"line":217,"column":9},"end":{"line":217,"column":57}}]},"42":{"type":"branch","line":217,"loc":{"start":{"line":217,"column":57},"end":{"line":220,"column":5}},"locations":[{"start":{"line":217,"column":57},"end":{"line":220,"column":5}}]},"43":{"type":"branch","line":225,"loc":{"start":{"line":225,"column":35},"end":{"line":225,"column":62}},"locations":[{"start":{"line":225,"column":35},"end":{"line":225,"column":62}}]},"44":{"type":"branch","line":232,"loc":{"start":{"line":232,"column":13},"end":{"line":235,"column":5}},"locations":[{"start":{"line":232,"column":13},"end":{"line":235,"column":5}}]},"45":{"type":"branch","line":234,"loc":{"start":{"line":234,"column":160},"end":{"line":234,"column":173}},"locations":[{"start":{"line":234,"column":160},"end":{"line":234,"column":173}}]}},"b":{"0":[2],"1":[49],"2":[0],"3":[36],"4":[29],"5":[7],"6":[29],"7":[13],"8":[1],"9":[12],"10":[11],"11":[2],"12":[10],"13":[29],"14":[10],"15":[0],"16":[0],"17":[539],"18":[2],"19":[6],"20":[0],"21":[1],"22":[5],"23":[4],"24":[1],"25":[1],"26":[4],"27":[1],"28":[3],"29":[1],"30":[1],"31":[1],"32":[1],"33":[0],"34":[2],"35":[0],"36":[0],"37":[1],"38":[1],"39":[1],"40":[1],"41":[0],"42":[0],"43":[0],"44":[1],"45":[0]},"fnMap":{"0":{"name":"configureLogger","decl":{"start":{"line":46,"column":7},"end":{"line":48,"column":1}},"loc":{"start":{"line":46,"column":7},"end":{"line":48,"column":1}},"line":46},"1":{"name":"redactPII","decl":{"start":{"line":83,"column":7},"end":{"line":127,"column":1}},"loc":{"start":{"line":83,"column":7},"end":{"line":127,"column":1}},"line":83},"2":{"name":"logToConsole","decl":{"start":{"line":132,"column":0},"end":{"line":155,"column":1}},"loc":{"start":{"line":132,"column":0},"end":{"line":155,"column":1}},"line":132},"3":{"name":"debug","decl":{"start":{"line":162,"column":2},"end":{"line":164,"column":4}},"loc":{"start":{"line":162,"column":2},"end":{"line":164,"column":4}},"line":162},"4":{"name":"info","decl":{"start":{"line":166,"column":2},"end":{"line":168,"column":4}},"loc":{"start":{"line":166,"column":2},"end":{"line":168,"column":4}},"line":166},"5":{"name":"warn","decl":{"start":{"line":170,"column":2},"end":{"line":172,"column":4}},"loc":{"start":{"line":170,"column":2},"end":{"line":172,"column":4}},"line":170},"6":{"name":"error","decl":{"start":{"line":174,"column":2},"end":{"line":190,"column":4}},"loc":{"start":{"line":174,"column":2},"end":{"line":190,"column":4}},"line":174},"7":{"name":"audit","decl":{"start":{"line":196,"column":2},"end":{"line":236,"column":3}},"loc":{"start":{"line":196,"column":2},"end":{"line":236,"column":3}},"line":196}},"f":{"0":2,"1":49,"2":6,"3":1,"4":1,"5":1,"6":1,"7":2}}
,"D:\\desarrollos\\ABDSuite\\ABDSatelliteSDK\\src\\utils\\schemas.ts": {"path":"D:\\desarrollos\\ABDSuite\\ABDSatelliteSDK\\src\\utils\\schemas.ts","all":false,"statementMap":{"0":{"start":{"line":1,"column":0},"end":{"line":1,"column":24}},"1":{"start":{"line":2,"column":0},"end":{"line":2,"column":0}},"2":{"start":{"line":3,"column":0},"end":{"line":3,"column":42}},"3":{"start":{"line":4,"column":0},"end":{"line":4,"column":23}},"4":{"start":{"line":5,"column":0},"end":{"line":5,"column":22}},"5":{"start":{"line":6,"column":0},"end":{"line":6,"column":46}},"6":{"start":{"line":7,"column":0},"end":{"line":7,"column":40}},"7":{"start":{"line":8,"column":0},"end":{"line":8,"column":21}},"8":{"start":{"line":9,"column":0},"end":{"line":9,"column":0}},"9":{"start":{"line":10,"column":0},"end":{"line":10,"column":48}},"10":{"start":{"line":11,"column":0},"end":{"line":11,"column":29}},"11":{"start":{"line":12,"column":0},"end":{"line":12,"column":18}},"12":{"start":{"line":13,"column":0},"end":{"line":13,"column":19}},"13":{"start":{"line":14,"column":0},"end":{"line":14,"column":22}},"14":{"start":{"line":15,"column":0},"end":{"line":15,"column":21}},"15":{"start":{"line":16,"column":0},"end":{"line":16,"column":24}},"16":{"start":{"line":17,"column":0},"end":{"line":17,"column":21}},"17":{"start":{"line":18,"column":0},"end":{"line":18,"column":25}},"18":{"start":{"line":19,"column":0},"end":{"line":19,"column":37}},"19":{"start":{"line":20,"column":0},"end":{"line":20,"column":25}},"20":{"start":{"line":21,"column":0},"end":{"line":21,"column":34}},"21":{"start":{"line":22,"column":0},"end":{"line":22,"column":36}},"22":{"start":{"line":23,"column":0},"end":{"line":23,"column":16}},"23":{"start":{"line":24,"column":0},"end":{"line":24,"column":41}},"24":{"start":{"line":25,"column":0},"end":{"line":25,"column":3}},"25":{"start":{"line":26,"column":0},"end":{"line":26,"column":0}},"26":{"start":{"line":27,"column":0},"end":{"line":27,"column":45}},"27":{"start":{"line":28,"column":0},"end":{"line":28,"column":21}},"28":{"start":{"line":29,"column":0},"end":{"line":29,"column":3}},"29":{"start":{"line":30,"column":0},"end":{"line":30,"column":0}},"30":{"start":{"line":31,"column":0},"end":{"line":31,"column":45}},"31":{"start":{"line":32,"column":0},"end":{"line":32,"column":19}},"32":{"start":{"line":33,"column":0},"end":{"line":33,"column":3}},"33":{"start":{"line":34,"column":0},"end":{"line":34,"column":0}},"34":{"start":{"line":35,"column":0},"end":{"line":35,"column":52}},"35":{"start":{"line":36,"column":0},"end":{"line":36,"column":29}},"36":{"start":{"line":37,"column":0},"end":{"line":37,"column":20}},"37":{"start":{"line":38,"column":0},"end":{"line":38,"column":30}},"38":{"start":{"line":39,"column":0},"end":{"line":39,"column":33}},"39":{"start":{"line":40,"column":0},"end":{"line":40,"column":19}},"40":{"start":{"line":41,"column":0},"end":{"line":41,"column":23}},"41":{"start":{"line":42,"column":0},"end":{"line":42,"column":46}},"42":{"start":{"line":43,"column":0},"end":{"line":43,"column":34}},"43":{"start":{"line":44,"column":0},"end":{"line":44,"column":43}},"44":{"start":{"line":45,"column":0},"end":{"line":45,"column":46}},"45":{"start":{"line":46,"column":0},"end":{"line":46,"column":35}},"46":{"start":{"line":47,"column":0},"end":{"line":47,"column":29}},"47":{"start":{"line":48,"column":0},"end":{"line":48,"column":28}},"48":{"start":{"line":49,"column":0},"end":{"line":49,"column":21}}},"s":{"0":1,"1":1,"2":1,"3":1,"4":1,"5":1,"6":1,"7":1,"8":1,"9":1,"10":1,"11":1,"12":1,"13":1,"14":1,"15":1,"16":1,"17":1,"18":1,"19":1,"20":1,"21":1,"22":1,"23":1,"24":1,"25":1,"26":1,"27":1,"28":1,"29":1,"30":1,"31":1,"32":1,"33":1,"34":1,"35":1,"36":1,"37":1,"38":1,"39":1,"40":1,"41":1,"42":1,"43":1,"44":1,"45":1,"46":1,"47":1,"48":1},"branchMap":{},"b":{},"fnMap":{},"f":{}}
,"D:\\desarrollos\\ABDSuite\\ABDSatelliteSDK\\src\\utils\\subdomain.ts": {"path":"D:\\desarrollos\\ABDSuite\\ABDSatelliteSDK\\src\\utils\\subdomain.ts","all":false,"statementMap":{"0":{"start":{"line":1,"column":0},"end":{"line":1,"column":3}},"1":{"start":{"line":2,"column":0},"end":{"line":2,"column":58}},"2":{"start":{"line":3,"column":0},"end":{"line":3,"column":53}},"3":{"start":{"line":4,"column":0},"end":{"line":4,"column":3}},"4":{"start":{"line":5,"column":0},"end":{"line":5,"column":93}},"5":{"start":{"line":6,"column":0},"end":{"line":6,"column":25}},"6":{"start":{"line":7,"column":0},"end":{"line":7,"column":52}},"7":{"start":{"line":8,"column":0},"end":{"line":8,"column":2}},"8":{"start":{"line":9,"column":0},"end":{"line":9,"column":73}},"9":{"start":{"line":10,"column":0},"end":{"line":10,"column":6}},"10":{"start":{"line":11,"column":0},"end":{"line":11,"column":55}},"11":{"start":{"line":12,"column":0},"end":{"line":12,"column":32}},"12":{"start":{"line":13,"column":0},"end":{"line":13,"column":28}},"13":{"start":{"line":14,"column":0},"end":{"line":14,"column":5}},"14":{"start":{"line":15,"column":0},"end":{"line":15,"column":16}},"15":{"start":{"line":16,"column":0},"end":{"line":16,"column":3}},"16":{"start":{"line":17,"column":0},"end":{"line":17,"column":0}},"17":{"start":{"line":18,"column":0},"end":{"line":18,"column":36}},"18":{"start":{"line":19,"column":0},"end":{"line":19,"column":60}},"19":{"start":{"line":20,"column":0},"end":{"line":20,"column":65}},"20":{"start":{"line":21,"column":0},"end":{"line":21,"column":46}},"21":{"start":{"line":22,"column":0},"end":{"line":22,"column":57}},"22":{"start":{"line":23,"column":0},"end":{"line":23,"column":36}},"23":{"start":{"line":24,"column":0},"end":{"line":24,"column":31}},"24":{"start":{"line":25,"column":0},"end":{"line":25,"column":41}},"25":{"start":{"line":26,"column":0},"end":{"line":26,"column":21}},"26":{"start":{"line":27,"column":0},"end":{"line":27,"column":3}},"27":{"start":{"line":28,"column":0},"end":{"line":28,"column":2}},"28":{"start":{"line":29,"column":0},"end":{"line":29,"column":63}},"29":{"start":{"line":30,"column":0},"end":{"line":30,"column":41}},"30":{"start":{"line":31,"column":0},"end":{"line":31,"column":27}},"31":{"start":{"line":32,"column":0},"end":{"line":32,"column":22}},"32":{"start":{"line":33,"column":0},"end":{"line":33,"column":5}},"33":{"start":{"line":34,"column":0},"end":{"line":34,"column":16}},"34":{"start":{"line":35,"column":0},"end":{"line":35,"column":3}},"35":{"start":{"line":36,"column":0},"end":{"line":36,"column":2}},"36":{"start":{"line":37,"column":0},"end":{"line":37,"column":93}},"37":{"start":{"line":38,"column":0},"end":{"line":38,"column":25}},"38":{"start":{"line":39,"column":0},"end":{"line":39,"column":31}},"39":{"start":{"line":40,"column":0},"end":{"line":40,"column":41}},"40":{"start":{"line":41,"column":0},"end":{"line":41,"column":21}},"41":{"start":{"line":42,"column":0},"end":{"line":42,"column":3}},"42":{"start":{"line":43,"column":0},"end":{"line":43,"column":2}},"43":{"start":{"line":44,"column":0},"end":{"line":44,"column":77}},"44":{"start":{"line":45,"column":0},"end":{"line":45,"column":55}},"45":{"start":{"line":46,"column":0},"end":{"line":46,"column":31}},"46":{"start":{"line":47,"column":0},"end":{"line":47,"column":41}},"47":{"start":{"line":48,"column":0},"end":{"line":48,"column":21}},"48":{"start":{"line":49,"column":0},"end":{"line":49,"column":3}},"49":{"start":{"line":50,"column":0},"end":{"line":50,"column":2}},"50":{"start":{"line":51,"column":0},"end":{"line":51,"column":14}},"51":{"start":{"line":52,"column":0},"end":{"line":52,"column":1}}},"s":{"0":1,"1":1,"2":1,"3":1,"4":1,"5":14,"6":13,"7":13,"8":13,"9":13,"10":13,"11":13,"12":11,"13":14,"14":4,"15":4,"16":9,"17":9,"18":9,"19":14,"20":14,"21":4,"22":4,"23":4,"24":4,"25":3,"26":3,"27":5,"28":5,"29":14,"30":2,"31":1,"32":1,"33":1,"34":1,"35":3,"36":3,"37":14,"38":0,"39":0,"40":0,"41":0,"42":3,"43":3,"44":14,"45":3,"46":3,"47":2,"48":2,"49":0,"50":0,"51":0},"branchMap":{"0":{"type":"branch","line":5,"loc":{"start":{"line":5,"column":7},"end":{"line":52,"column":1}},"locations":[{"start":{"line":5,"column":7},"end":{"line":52,"column":1}}]},"1":{"type":"branch","line":6,"loc":{"start":{"line":6,"column":13},"end":{"line":6,"column":25}},"locations":[{"start":{"line":6,"column":13},"end":{"line":6,"column":25}}]},"2":{"type":"branch","line":6,"loc":{"start":{"line":6,"column":20},"end":{"line":12,"column":32}},"locations":[{"start":{"line":6,"column":20},"end":{"line":12,"column":32}}]},"3":{"type":"branch","line":12,"loc":{"start":{"line":12,"column":17},"end":{"line":13,"column":28}},"locations":[{"start":{"line":12,"column":17},"end":{"line":13,"column":28}}]},"4":{"type":"branch","line":14,"loc":{"start":{"line":14,"column":4},"end":{"line":16,"column":3}},"locations":[{"start":{"line":14,"column":4},"end":{"line":16,"column":3}}]},"5":{"type":"branch","line":16,"loc":{"start":{"line":16,"column":2},"end":{"line":20,"column":29}},"locations":[{"start":{"line":16,"column":2},"end":{"line":20,"column":29}}]},"6":{"type":"branch","line":20,"loc":{"start":{"line":20,"column":15},"end":{"line":20,"column":65}},"locations":[{"start":{"line":20,"column":15},"end":{"line":20,"column":65}}]},"7":{"type":"branch","line":21,"loc":{"start":{"line":21,"column":6},"end":{"line":21,"column":45}},"locations":[{"start":{"line":21,"column":6},"end":{"line":21,"column":45}}]},"8":{"type":"branch","line":21,"loc":{"start":{"line":21,"column":45},"end":{"line":27,"column":3}},"locations":[{"start":{"line":21,"column":45},"end":{"line":27,"column":3}}]},"9":{"type":"branch","line":25,"loc":{"start":{"line":25,"column":29},"end":{"line":25,"column":41}},"locations":[{"start":{"line":25,"column":29},"end":{"line":25,"column":41}}]},"10":{"type":"branch","line":25,"loc":{"start":{"line":25,"column":36},"end":{"line":27,"column":3}},"locations":[{"start":{"line":25,"column":36},"end":{"line":27,"column":3}}]},"11":{"type":"branch","line":27,"loc":{"start":{"line":27,"column":2},"end":{"line":30,"column":40}},"locations":[{"start":{"line":27,"column":2},"end":{"line":30,"column":40}}]},"12":{"type":"branch","line":30,"loc":{"start":{"line":30,"column":40},"end":{"line":35,"column":3}},"locations":[{"start":{"line":30,"column":40},"end":{"line":35,"column":3}}]},"13":{"type":"branch","line":31,"loc":{"start":{"line":31,"column":26},"end":{"line":35,"column":3}},"locations":[{"start":{"line":31,"column":26},"end":{"line":35,"column":3}}]},"14":{"type":"branch","line":35,"loc":{"start":{"line":35,"column":2},"end":{"line":38,"column":24}},"locations":[{"start":{"line":35,"column":2},"end":{"line":38,"column":24}}]},"15":{"type":"branch","line":38,"loc":{"start":{"line":38,"column":24},"end":{"line":42,"column":3}},"locations":[{"start":{"line":38,"column":24},"end":{"line":42,"column":3}}]},"16":{"type":"branch","line":42,"loc":{"start":{"line":42,"column":2},"end":{"line":45,"column":54}},"locations":[{"start":{"line":42,"column":2},"end":{"line":45,"column":54}}]},"17":{"type":"branch","line":45,"loc":{"start":{"line":45,"column":54},"end":{"line":49,"column":3}},"locations":[{"start":{"line":45,"column":54},"end":{"line":49,"column":3}}]},"18":{"type":"branch","line":47,"loc":{"start":{"line":47,"column":29},"end":{"line":47,"column":41}},"locations":[{"start":{"line":47,"column":29},"end":{"line":47,"column":41}}]},"19":{"type":"branch","line":47,"loc":{"start":{"line":47,"column":36},"end":{"line":49,"column":3}},"locations":[{"start":{"line":47,"column":36},"end":{"line":49,"column":3}}]},"20":{"type":"branch","line":49,"loc":{"start":{"line":49,"column":2},"end":{"line":52,"column":1}},"locations":[{"start":{"line":49,"column":2},"end":{"line":52,"column":1}}]}},"b":{"0":[14],"1":[1],"2":[13],"3":[11],"4":[4],"5":[9],"6":[6],"7":[4],"8":[4],"9":[1],"10":[3],"11":[5],"12":[2],"13":[1],"14":[3],"15":[0],"16":[3],"17":[3],"18":[1],"19":[2],"20":[0]},"fnMap":{"0":{"name":"getTenantSubdomain","decl":{"start":{"line":5,"column":7},"end":{"line":52,"column":1}},"loc":{"start":{"line":5,"column":7},"end":{"line":52,"column":1}},"line":5}},"f":{"0":14}}
}
